Using pre-set license
Built from '2021.1/release' branch; Version is '2021.1.16f1 (5fa502fca597) revision 6268162'; Using compiler version '192528614'; Build Type 'Release'
OS: 'Windows 10 Home Single Language; OS build 19043.1348; Version 2009; 64bit' Language: 'pt' Physical Memory: 7915 MB
BatchMode: 1, IsHumanControllingUs: 0, StartBugReporterOnCrash: 0, Is64bit: 1, IsPro: 0

 COMMAND LINE ARGUMENTS:
C:\Users\felip\Desktop\unity pro\2021.1.16f1\Editor\Unity.exe
-adb2
-batchMode
-noUpm
-name
AssetImportWorker0
-projectPath
C:/Users/felip/Desktop/Trabalho final de JOGOS/doom-clone-main
-logFile
Logs/AssetImportWorker0.log
-srvPort
54179
Successfully changed project path to: C:/Users/felip/Desktop/Trabalho final de JOGOS/doom-clone-main
C:/Users/felip/Desktop/Trabalho final de JOGOS/doom-clone-main
Using Asset Import Pipeline V2.
Refreshing native plugins compatible for Editor in 164.96 ms, found 3 plugins.
Preloading 0 native plugins for Editor in 0.00 ms.
Initialize engine version: 2021.1.16f1 (5fa502fca597)
[Subsystems] Discovering subsystems at path C:/Users/felip/Desktop/unity pro/2021.1.16f1/Editor/Data/Resources/UnitySubsystems
[Subsystems] Discovering subsystems at path C:/Users/felip/Desktop/Trabalho final de JOGOS/doom-clone-main/Assets
GfxDevice: creating device client; threaded=0; jobified=0
Direct3D:
    Version:  Direct3D 11.0 [level 11.1]
    Renderer: Intel(R) Iris(R) Xe Graphics (ID=0x9a49)
    Vendor:   Intel
    VRAM:     3957 MB
    Driver:   27.20.100.9415
Initialize mono
Mono path[0] = 'C:/Users/felip/Desktop/unity pro/2021.1.16f1/Editor/Data/Managed'
Mono path[1] = 'C:/Users/felip/Desktop/unity pro/2021.1.16f1/Editor/Data/MonoBleedingEdge/lib/mono/unityjit'
Mono config path = 'C:/Users/felip/Desktop/unity pro/2021.1.16f1/Editor/Data/MonoBleedingEdge/etc'
Using monoOptions --debugger-agent=transport=dt_socket,embedding=1,server=y,suspend=n,address=127.0.0.1:56564
Begin MonoManager ReloadAssembly
Registering precompiled unity dll's ...
Register platform support module: C:/Users/felip/Desktop/unity pro/2021.1.16f1/Editor/Data/PlaybackEngines/WindowsStandaloneSupport/UnityEditor.WindowsStandalone.Extensions.dll
Registered in 0.004218 seconds.
Native extension for WindowsStandalone target not found
Refreshing native plugins compatible for Editor in 153.61 ms, found 3 plugins.
Preloading 0 native plugins for Editor in 0.00 ms.
Mono: successfully reloaded assembly
- Completed reload, in  4.816 seconds
Domain Reload Profiling:
	ReloadAssembly (4816ms)
		BeginReloadAssembly (124ms)
			ExecutionOrderSort (0ms)
			DisableScriptedObjects (0ms)
			BackupInstance (0ms)
			ReleaseScriptingObjects (0ms)
			CreateAndSetChildDomain (1ms)
		EndReloadAssembly (767ms)
			LoadAssemblies (119ms)
			RebuildTransferFunctionScriptingTraits (0ms)
			SetupTypeCache (272ms)
			ReleaseScriptCaches (0ms)
			RebuildScriptCaches (50ms)
			SetupLoadedEditorAssemblies (364ms)
				LogAssemblyErrors (0ms)
				InitializePlatformSupportModulesInManaged (11ms)
				SetLoadedEditorAssemblies (0ms)
				RefreshPlugins (154ms)
				BeforeProcessingInitializeOnLoad (3ms)
				ProcessInitializeOnLoadAttributes (156ms)
				ProcessInitializeOnLoadMethodAttributes (41ms)
				AfterProcessingInitializeOnLoad (0ms)
				EditorAssembliesLoaded (0ms)
			ExecutionOrderSort2 (0ms)
			AwakeInstancesAfterBackupRestoration (0ms)
Platform modules already initialized, skipping
Registering precompiled user dll's ...
Registered in 0.016652 seconds.
Begin MonoManager ReloadAssembly
Symbol file LoadedFromMemory doesn't match image C:\Users\felip\Desktop\Trabalho final de JOGOS\doom-clone-main\Library\PackageCache\com.unity.visualscripting@1.6.1\Editor\VisualScripting.Core\Dependencies\YamlDotNet\Unity.VisualScripting.YamlDotNet.dll
Symbol file LoadedFromMemory doesn't match image C:\Users\felip\Desktop\Trabalho final de JOGOS\doom-clone-main\Library\PackageCache\com.unity.visualscripting@1.6.1\Editor\VisualScripting.Core\Dependencies\DotNetZip\Unity.VisualScripting.IonicZip.dll
Native extension for WindowsStandalone target not found
Refreshing native plugins compatible for Editor in 0.68 ms, found 3 plugins.
Preloading 0 native plugins for Editor in 0.00 ms.
Mono: successfully reloaded assembly
- Completed reload, in  1.646 seconds
Domain Reload Profiling:
	ReloadAssembly (1647ms)
		BeginReloadAssembly (243ms)
			ExecutionOrderSort (0ms)
			DisableScriptedObjects (6ms)
			BackupInstance (0ms)
			ReleaseScriptingObjects (0ms)
			CreateAndSetChildDomain (32ms)
		EndReloadAssembly (1304ms)
			LoadAssemblies (152ms)
			RebuildTransferFunctionScriptingTraits (0ms)
			SetupTypeCache (420ms)
			ReleaseScriptCaches (1ms)
			RebuildScriptCaches (76ms)
			SetupLoadedEditorAssemblies (520ms)
				LogAssemblyErrors (0ms)
				InitializePlatformSupportModulesInManaged (5ms)
				SetLoadedEditorAssemblies (0ms)
				RefreshPlugins (1ms)
				BeforeProcessingInitializeOnLoad (105ms)
				ProcessInitializeOnLoadAttributes (395ms)
				ProcessInitializeOnLoadMethodAttributes (5ms)
				AfterProcessingInitializeOnLoad (7ms)
				EditorAssembliesLoaded (0ms)
			ExecutionOrderSort2 (0ms)
			AwakeInstancesAfterBackupRestoration (6ms)
Platform modules already initialized, skipping
========================================================================
Worker process is ready to serve import requests
Launched and connected shader compiler UnityShaderCompiler.exe after 0.06 seconds
Refreshing native plugins compatible for Editor in 0.64 ms, found 3 plugins.
Preloading 0 native plugins for Editor in 0.00 ms.
Unloading 3028 Unused Serialized files (Serialized files now loaded: 0)
System memory in use before: 111.6 MB.
System memory in use after: 111.8 MB.

Unloading 23 unused Assets to reduce memory usage. Loaded Objects now: 3474.
Total: 5.339000 ms (FindLiveObjects: 0.217000 ms CreateObjectMapping: 0.082100 ms MarkObjects: 4.908100 ms  DeleteObjects: 0.130400 ms)

AssetImportParameters requested are different than current active one (requested -> active):
  custom:framework-win-MediaFoundation: 216162199b28c13a410421893ffa2e32 -> 
  custom:video-decoder-ogg-theora: a1e56fd34408186e4bbccfd4996cb3dc -> 
  custom:container-muxer-webm: aa71ff27fc2769a1b78a27578f13a17b -> 
  custom:container-demuxer-webm: 4f35f7cbe854078d1ac9338744f61a02 -> 
  custom:container-demuxer-ogg: 62fdf1f143b41e24485cea50d1cbac27 -> 
  custom:video-encoder-webm-vp8: eb34c28f22e8b96e1ab97ce403110664 -> 
  custom:video-codec-MediaFoundation-h265: 746d11721c4dcdbdad8f713fa42b33f4 -> 
  custom:video-decoder-webm-vp8: 9c59270c3fd7afecdb556c50c9e8de78 -> 
  custom:audio-decoder-ogg-vorbis: bf7c407c2cedff20999df2af8eb42d56 -> 
  custom:audio-encoder-webm-vorbis: bf7c407c2cedff20999df2af8eb42d56 -> 
========================================================================
Received Import Request.
  path: Assets/SoundReload.mp3
  artifactKey: Guid(ead3cf6463b6eef48b05ed99273e73f8) Importer(815301076,1909f56bfc062723c751e8b465ee728b)
Start importing Assets/SoundReload.mp3 using Guid(ead3cf6463b6eef48b05ed99273e73f8) Importer(815301076,1909f56bfc062723c751e8b465ee728b)  -> (artifact id: '556653ac2375b29f9b2920cf9d473732') in 0.183369 seconds 
========================================================================
Received Import Request.
  Time since last request: 0.000636 seconds.
  path: Assets/noisy_effect.jpg
  artifactKey: Guid(3a9fba107c2b9a540aa3d6ee129a6fd8) Importer(815301076,1909f56bfc062723c751e8b465ee728b)
Start importing Assets/noisy_effect.jpg using Guid(3a9fba107c2b9a540aa3d6ee129a6fd8) Importer(815301076,1909f56bfc062723c751e8b465ee728b)  -> (artifact id: 'c7452eda7baf7589de136c9170f25e0e') in 0.066651 seconds 
========================================================================
Received Import Request.
  Time since last request: 0.000438 seconds.
  path: Assets/escorregante.physicMaterial
  artifactKey: Guid(81c3a2cecd8eb3b4dbc5337c38823035) Importer(815301076,1909f56bfc062723c751e8b465ee728b)
Start importing Assets/escorregante.physicMaterial using Guid(81c3a2cecd8eb3b4dbc5337c38823035) Importer(815301076,1909f56bfc062723c751e8b465ee728b)  -> (artifact id: '53cf57b07c8be31fdbf96228fe92acb8') in 0.008409 seconds 
========================================================================
Received Import Request.
  Time since last request: 118.216144 seconds.
  path: Assets/AncientRuins
  artifactKey: Guid(ce2082c23985d104b911c63a14999631) Importer(815301076,1909f56bfc062723c751e8b465ee728b)
Start importing Assets/AncientRuins using Guid(ce2082c23985d104b911c63a14999631) Importer(815301076,1909f56bfc062723c751e8b465ee728b)  -> (artifact id: '63c3fef63911e106478e40566bce2d07') in 0.003858 seconds 
========================================================================
Received Import Request.
  Time since last request: 3.237691 seconds.
  path: Assets/AncientRuins/3DModels
  artifactKey: Guid(b221614a2517fe24798e7fbb5fa5daa1) Importer(815301076,1909f56bfc062723c751e8b465ee728b)
Start importing Assets/AncientRuins/3DModels using Guid(b221614a2517fe24798e7fbb5fa5daa1) Importer(815301076,1909f56bfc062723c751e8b465ee728b)  -> (artifact id: '268ac7fc0f940dec7e120b9f6d59b817') in 0.006567 seconds 
========================================================================
Received Import Request.
  Time since last request: 0.066218 seconds.
  path: Assets/AncientRuins/3DModels/Mesh_AncientRuinsUnity.fbx
  artifactKey: Guid(90220ae87f239d4498c425af8694ed9e) Importer(815301076,1909f56bfc062723c751e8b465ee728b)
Start importing Assets/AncientRuins/3DModels/Mesh_AncientRuinsUnity.fbx using Guid(90220ae87f239d4498c425af8694ed9e) Importer(815301076,1909f56bfc062723c751e8b465ee728b)  -> (artifact id: 'e1ad4409d2cfe338600e7e423800c988') in 0.741681 seconds 
========================================================================
Received Import Request.
  Time since last request: 19.251591 seconds.
  path: Assets/Arena/Example/Arena ExampleSettings.lighting
  artifactKey: Guid(f18e022c62b6d4e7cb0c44679dd39205) Importer(815301076,1909f56bfc062723c751e8b465ee728b)
Start importing Assets/Arena/Example/Arena ExampleSettings.lighting using Guid(f18e022c62b6d4e7cb0c44679dd39205) Importer(815301076,1909f56bfc062723c751e8b465ee728b) LightingSettings: switching bake backend from 1 to 0.
 -> (artifact id: 'ac8d47c1ff26d1a17cff050a1f6cfee7') in 0.015097 seconds 
========================================================================
Received Import Request.
  Time since last request: 2.604190 seconds.
  path: Assets/Arena/Example/Arena Example.unity
  artifactKey: Guid(71e8f8cce45cb31419557864ca8c43a8) Importer(815301076,1909f56bfc062723c751e8b465ee728b)
Start importing Assets/Arena/Example/Arena Example.unity using Guid(71e8f8cce45cb31419557864ca8c43a8) Importer(815301076,1909f56bfc062723c751e8b465ee728b)  -> (artifact id: 'c4302abddbc99403bbb46ce1f63ba263') in 0.005902 seconds 
========================================================================
Received Import Request.
  Time since last request: 13.745028 seconds.
  path: Assets/western-props-pack/Models/Chopped Wood Pile
  artifactKey: Guid(1cb6308b4dbb545c18191d50cd19171b) Importer(815301076,1909f56bfc062723c751e8b465ee728b)
Start importing Assets/western-props-pack/Models/Chopped Wood Pile using Guid(1cb6308b4dbb545c18191d50cd19171b) Importer(815301076,1909f56bfc062723c751e8b465ee728b)  -> (artifact id: 'f91e64b6e25f9df9712084b03d981eed') in 0.005537 seconds 
========================================================================
Received Import Request.
  Time since last request: 0.361065 seconds.
  path: Assets/western-props-pack/Models/Chopped Wood Pile/Chopped_Wood_Pile.fbx
  artifactKey: Guid(66fa3b7fd9117410aa786bc87bddd990) Importer(815301076,1909f56bfc062723c751e8b465ee728b)
Start importing Assets/western-props-pack/Models/Chopped Wood Pile/Chopped_Wood_Pile.fbx using Guid(66fa3b7fd9117410aa786bc87bddd990) Importer(815301076,1909f56bfc062723c751e8b465ee728b)  -> (artifact id: '8af68db38ad45dd70627d2e206ced104') in 0.025748 seconds 
========================================================================
Received Import Request.
  Time since last request: 36.184432 seconds.
  path: Assets/SoundShooting 1.mp3
  artifactKey: Guid(33fb63ab295dcd64fa5b9f09909af612) Importer(815301076,1909f56bfc062723c751e8b465ee728b)
Start importing Assets/SoundShooting 1.mp3 using Guid(33fb63ab295dcd64fa5b9f09909af612) Importer(815301076,1909f56bfc062723c751e8b465ee728b)  -> (artifact id: '093e7842d4ba9c4e20d614e544efba4f') in 0.012197 seconds 
========================================================================
Received Import Request.
  Time since last request: 5.150946 seconds.
  path: Assets/Models/book.obj
  artifactKey: Guid(226566aa6cf5d0340a5903fc420debdc) Importer(815301076,1909f56bfc062723c751e8b465ee728b)
Start importing Assets/Models/book.obj using Guid(226566aa6cf5d0340a5903fc420debdc) Importer(815301076,1909f56bfc062723c751e8b465ee728b)  -> (artifact id: 'f4775a216a7ef694688051c135c719e8') in 0.042062 seconds 
========================================================================
Received Import Request.
  Time since last request: 21.928849 seconds.
  path: Assets/Prefabs/book.prefab
  artifactKey: Guid(3f21fb4aeae41b14dae60de1495bc46b) Importer(815301076,1909f56bfc062723c751e8b465ee728b)
Start importing Assets/Prefabs/book.prefab using Guid(3f21fb4aeae41b14dae60de1495bc46b) Importer(815301076,1909f56bfc062723c751e8b465ee728b)  -> (artifact id: '5aa566333cf85c35875cd33670300ce3') in 0.247125 seconds 
========================================================================
Received Import Request.
  Time since last request: 11.914212 seconds.
  path: Assets/Scenes/Main.unity
  artifactKey: Guid(cb8eccf7a15d7104bb5c61c58b277f55) Importer(815301076,1909f56bfc062723c751e8b465ee728b)
Start importing Assets/Scenes/Main.unity using Guid(cb8eccf7a15d7104bb5c61c58b277f55) Importer(815301076,1909f56bfc062723c751e8b465ee728b)  -> (artifact id: '716449e000e02bc65b2aab964531b381') in 0.004317 seconds 
========================================================================
Received Import Request.
  Time since last request: 54.637424 seconds.
  path: Assets/Scenes/Main
  artifactKey: Guid(cb94257a46850334ca0b7a78f603a790) Importer(815301076,1909f56bfc062723c751e8b465ee728b)
Start importing Assets/Scenes/Main using Guid(cb94257a46850334ca0b7a78f603a790) Importer(815301076,1909f56bfc062723c751e8b465ee728b)  -> (artifact id: '64c668d8c4252b60fe289071f340a16c') in 0.004788 seconds 
========================================================================
Received Import Request.
  Time since last request: 1.327542 seconds.
  path: Assets/Scenes/Main/NavMesh.asset
  artifactKey: Guid(422325e82ef10734382dfaee6dba2bc3) Importer(815301076,1909f56bfc062723c751e8b465ee728b)
Start importing Assets/Scenes/Main/NavMesh.asset using Guid(422325e82ef10734382dfaee6dba2bc3) Importer(815301076,1909f56bfc062723c751e8b465ee728b)  -> (artifact id: 'e62d180c1f5b68b847185718a7c46996') in 0.013132 seconds 
========================================================================
Received Import Request.
  Time since last request: 92.607827 seconds.
  path: Assets/Scenes/Game Over.unity
  artifactKey: Guid(4ca8f35818a0b92428fa0e2ca3fa5a8d) Importer(815301076,1909f56bfc062723c751e8b465ee728b)
Start importing Assets/Scenes/Game Over.unity using Guid(4ca8f35818a0b92428fa0e2ca3fa5a8d) Importer(815301076,1909f56bfc062723c751e8b465ee728b)  -> (artifact id: '665d9b4a1b659b64b11b9c6527ac5639') in 0.004816 seconds 
========================================================================
Received Import Request.
  Time since last request: 65.719931 seconds.
  path: Packages/com.unity.ugui/Runtime/EventSystem/InputModules/BaseInput.cs
  artifactKey: Guid(1511ccae7919cfc46b603b9b337fdc94) Importer(815301076,1909f56bfc062723c751e8b465ee728b)
Start importing Packages/com.unity.ugui/Runtime/EventSystem/InputModules/BaseInput.cs using Guid(1511ccae7919cfc46b603b9b337fdc94) Importer(815301076,1909f56bfc062723c751e8b465ee728b)  -> (artifact id: '3eb653d35cc576b8263587eee54f110e') in 0.012327 seconds 
========================================================================
Received Prepare
Registering precompiled user dll's ...
Registered in 0.011238 seconds.
Begin MonoManager ReloadAssembly
Symbol file LoadedFromMemory doesn't match image C:\Users\felip\Desktop\Trabalho final de JOGOS\doom-clone-main\Library\PackageCache\com.unity.visualscripting@1.6.1\Editor\VisualScripting.Core\Dependencies\YamlDotNet\Unity.VisualScripting.YamlDotNet.dll
Symbol file LoadedFromMemory doesn't match image C:\Users\felip\Desktop\Trabalho final de JOGOS\doom-clone-main\Library\PackageCache\com.unity.visualscripting@1.6.1\Editor\VisualScripting.Core\Dependencies\DotNetZip\Unity.VisualScripting.IonicZip.dll
Native extension for WindowsStandalone target not found
Refreshing native plugins compatible for Editor in 1.56 ms, found 3 plugins.
Preloading 0 native plugins for Editor in 0.00 ms.
Mono: successfully reloaded assembly
- Completed reload, in  1.791 seconds
Domain Reload Profiling:
	ReloadAssembly (1791ms)
		BeginReloadAssembly (209ms)
			ExecutionOrderSort (0ms)
			DisableScriptedObjects (7ms)
			BackupInstance (0ms)
			ReleaseScriptingObjects (0ms)
			CreateAndSetChildDomain (72ms)
		EndReloadAssembly (1481ms)
			LoadAssemblies (169ms)
			RebuildTransferFunctionScriptingTraits (0ms)
			SetupTypeCache (507ms)
			ReleaseScriptCaches (3ms)
			RebuildScriptCaches (69ms)
			SetupLoadedEditorAssemblies (585ms)
				LogAssemblyErrors (0ms)
				InitializePlatformSupportModulesInManaged (9ms)
				SetLoadedEditorAssemblies (1ms)
				RefreshPlugins (2ms)
				BeforeProcessingInitializeOnLoad (89ms)
				ProcessInitializeOnLoadAttributes (469ms)
				ProcessInitializeOnLoadMethodAttributes (7ms)
				AfterProcessingInitializeOnLoad (8ms)
				EditorAssembliesLoaded (0ms)
			ExecutionOrderSort2 (0ms)
			AwakeInstancesAfterBackupRestoration (19ms)
Platform modules already initialized, skipping
Refreshing native plugins compatible for Editor in 1.31 ms, found 3 plugins.
Preloading 0 native plugins for Editor in 0.00 ms.
Unloading 3016 Unused Serialized files (Serialized files now loaded: 0)
System memory in use before: 116.0 MB.
System memory in use after: 116.2 MB.

Unloading 18 unused Assets to reduce memory usage. Loaded Objects now: 3539.
Total: 4.806300 ms (FindLiveObjects: 0.385500 ms CreateObjectMapping: 0.152200 ms MarkObjects: 4.207000 ms  DeleteObjects: 0.057800 ms)

AssetImportParameters requested are different than current active one (requested -> active):
  custom:framework-win-MediaFoundation: 216162199b28c13a410421893ffa2e32 -> 
  custom:video-decoder-ogg-theora: a1e56fd34408186e4bbccfd4996cb3dc -> 
  custom:container-muxer-webm: aa71ff27fc2769a1b78a27578f13a17b -> 
  custom:container-demuxer-webm: 4f35f7cbe854078d1ac9338744f61a02 -> 
  custom:container-demuxer-ogg: 62fdf1f143b41e24485cea50d1cbac27 -> 
  custom:video-encoder-webm-vp8: eb34c28f22e8b96e1ab97ce403110664 -> 
  custom:video-codec-MediaFoundation-h265: 746d11721c4dcdbdad8f713fa42b33f4 -> 
  custom:video-decoder-webm-vp8: 9c59270c3fd7afecdb556c50c9e8de78 -> 
  custom:audio-decoder-ogg-vorbis: bf7c407c2cedff20999df2af8eb42d56 -> 
  custom:audio-encoder-webm-vorbis: bf7c407c2cedff20999df2af8eb42d56 -> 
========================================================================
Received Import Request.
  Time since last request: 59.179106 seconds.
  path: Assets/Scripts/Enemy.cs
  artifactKey: Guid(c4727af9797cc9b4cb16bb37c6b8556a) Importer(815301076,1909f56bfc062723c751e8b465ee728b)
Start importing Assets/Scripts/Enemy.cs using Guid(c4727af9797cc9b4cb16bb37c6b8556a) Importer(815301076,1909f56bfc062723c751e8b465ee728b)  -> (artifact id: 'a8b56241592db165bd6a1672d16758b6') in 0.008727 seconds 
========================================================================
Received Import Request.
  Time since last request: 1283.957233 seconds.
  path: Assets/Models/Materials
  artifactKey: Guid(de57f2fcd73f48d4e84cdd4614588234) Importer(815301076,1909f56bfc062723c751e8b465ee728b)
Start importing Assets/Models/Materials using Guid(de57f2fcd73f48d4e84cdd4614588234) Importer(815301076,1909f56bfc062723c751e8b465ee728b)  -> (artifact id: '55be531e4598b90a0f0cdf2a082d9165') in 0.002475 seconds 
========================================================================
Received Import Request.
  Time since last request: 0.169341 seconds.
  path: Assets/Models/Materials/book_texture.mat
  artifactKey: Guid(6a980939ffac7d74bb6c9372356eb3df) Importer(815301076,1909f56bfc062723c751e8b465ee728b)
Start importing Assets/Models/Materials/book_texture.mat using Guid(6a980939ffac7d74bb6c9372356eb3df) Importer(815301076,1909f56bfc062723c751e8b465ee728b)  -> (artifact id: '2982f73438c0ae10a3dd8c33257d7f39') in 0.124728 seconds 
========================================================================
Received Import Request.
  Time since last request: 0.000430 seconds.
  path: Assets/Models/Materials/defaultMat.mat
  artifactKey: Guid(0cb534a84254c094381bea04a65d4f04) Importer(815301076,1909f56bfc062723c751e8b465ee728b)
Start importing Assets/Models/Materials/defaultMat.mat using Guid(0cb534a84254c094381bea04a65d4f04) Importer(815301076,1909f56bfc062723c751e8b465ee728b)  -> (artifact id: 'b3d7002e0b0007eb4c9ec71f5d60c337') in 0.012138 seconds 
========================================================================
Received Import Request.
  Time since last request: 2.818517 seconds.
  path: Assets/Models/textures/book_normals.png
  artifactKey: Guid(0248dd5948d7eb24988067ddf3150849) Importer(815301076,1909f56bfc062723c751e8b465ee728b)
Start importing Assets/Models/textures/book_normals.png using Guid(0248dd5948d7eb24988067ddf3150849) Importer(815301076,1909f56bfc062723c751e8b465ee728b)  -> (artifact id: 'cbe400202296ca906693142165317bea') in 0.041634 seconds 
========================================================================
Received Import Request.
  Time since last request: 0.000322 seconds.
  path: Assets/Models/textures/book_occlusion.png
  artifactKey: Guid(f45acaf4a10b42548a278c94539afcf1) Importer(815301076,1909f56bfc062723c751e8b465ee728b)
Start importing Assets/Models/textures/book_occlusion.png using Guid(f45acaf4a10b42548a278c94539afcf1) Importer(815301076,1909f56bfc062723c751e8b465ee728b)  -> (artifact id: '6f236d105fd75654e056b7ca9a813e77') in 0.011963 seconds 
========================================================================
Received Import Request.
  Time since last request: 0.000785 seconds.
  path: Assets/Models/textures/book_texture.png
  artifactKey: Guid(3c8e130ca7dca10438a033615e80c3ef) Importer(815301076,1909f56bfc062723c751e8b465ee728b)
Start importing Assets/Models/textures/book_texture.png using Guid(3c8e130ca7dca10438a033615e80c3ef) Importer(815301076,1909f56bfc062723c751e8b465ee728b)  -> (artifact id: '2ce5fc91bafc5549430ec8d64ae9a049') in 0.012633 seconds 
========================================================================
Received Import Request.
  Time since last request: 5.720778 seconds.
  path: Assets/Materials/noisy_effect.mat
  artifactKey: Guid(40b8ee134be60dc42b879f440147316c) Importer(815301076,1909f56bfc062723c751e8b465ee728b)
Start importing Assets/Materials/noisy_effect.mat using Guid(40b8ee134be60dc42b879f440147316c) Importer(815301076,1909f56bfc062723c751e8b465ee728b)  -> (artifact id: '0127cf59d0c0fac973184256216d4c95') in 0.027920 seconds 
========================================================================
Received Import Request.
  Time since last request: 320.652661 seconds.
  path: Assets/Standard Assets
  artifactKey: Guid(fe11d63909667aa459d34aa6ad7f2039) Importer(815301076,1909f56bfc062723c751e8b465ee728b)
Start importing Assets/Standard Assets using Guid(fe11d63909667aa459d34aa6ad7f2039) Importer(815301076,1909f56bfc062723c751e8b465ee728b)  -> (artifact id: 'e35dd0b521ccb03d4d25a009df73adaa') in 0.010964 seconds 
========================================================================
Received Import Request.
  Time since last request: 2.489261 seconds.
  path: Assets/Standard Assets/ParticleSystems
  artifactKey: Guid(d7ea5a218770df14895b81e3602e420f) Importer(815301076,1909f56bfc062723c751e8b465ee728b)
Start importing Assets/Standard Assets/ParticleSystems using Guid(d7ea5a218770df14895b81e3602e420f) Importer(815301076,1909f56bfc062723c751e8b465ee728b)  -> (artifact id: '3701ba759b79ba5472e929f1eeb34e30') in 0.003194 seconds 
========================================================================
Received Import Request.
  Time since last request: 1099.965856 seconds.
  path: Assets/Models/10436_Cactus_v1_L3.123ce67a3113-eb68-4881-a89e-34941294e48f
  artifactKey: Guid(c265a2d168072e94e8b9191e5d6f71d8) Importer(815301076,1909f56bfc062723c751e8b465ee728b)
Start importing Assets/Models/10436_Cactus_v1_L3.123ce67a3113-eb68-4881-a89e-34941294e48f using Guid(c265a2d168072e94e8b9191e5d6f71d8) Importer(815301076,1909f56bfc062723c751e8b465ee728b)  -> (artifact id: '3eec725438c865142af5d8ca053949de') in 0.004239 seconds 
========================================================================
Received Import Request.
  Time since last request: 0.061452 seconds.
  path: Assets/Models/10436_Cactus_v1_L3.123ce67a3113-eb68-4881-a89e-34941294e48f/10436_Cactus_v1_Diffuse.jpg
  artifactKey: Guid(e06c7e2c0cc13b94bbd3e497cfd6dc7f) Importer(815301076,1909f56bfc062723c751e8b465ee728b)
Start importing Assets/Models/10436_Cactus_v1_L3.123ce67a3113-eb68-4881-a89e-34941294e48f/10436_Cactus_v1_Diffuse.jpg using Guid(e06c7e2c0cc13b94bbd3e497cfd6dc7f) Importer(815301076,1909f56bfc062723c751e8b465ee728b)  -> (artifact id: '013f8b129728c4077abdb6e1046bfefc') in 0.015983 seconds 
========================================================================
Received Import Request.
  Time since last request: 0.000511 seconds.
  path: Assets/Models/10436_Cactus_v1_L3.123ce67a3113-eb68-4881-a89e-34941294e48f/10436_Cactus_v1_max2010_it2.obj
  artifactKey: Guid(981fd21fdd2332849bb97f220145519a) Importer(815301076,1909f56bfc062723c751e8b465ee728b)
Start importing Assets/Models/10436_Cactus_v1_L3.123ce67a3113-eb68-4881-a89e-34941294e48f/10436_Cactus_v1_max2010_it2.obj using Guid(981fd21fdd2332849bb97f220145519a) Importer(815301076,1909f56bfc062723c751e8b465ee728b)  -> (artifact id: '0811d69a7f8cb615281c7986ee451720') in 0.096332 seconds 
========================================================================
Received Import Request.
  Time since last request: 29.668156 seconds.
  path: Assets/Models/textures
  artifactKey: Guid(79b718cb956d2684c9f59ea36cd71a4c) Importer(815301076,1909f56bfc062723c751e8b465ee728b)
Start importing Assets/Models/textures using Guid(79b718cb956d2684c9f59ea36cd71a4c) Importer(815301076,1909f56bfc062723c751e8b465ee728b)  -> (artifact id: '98c7221ef21688843ae313361436d6b0') in 0.002804 seconds 
========================================================================
Received Import Request.
  Time since last request: 509.447734 seconds.
  path: Assets/Models/Dead tree20210914.max
  artifactKey: Guid(cbc20017e2762f649852d0dcbd89f54b) Importer(815301076,1909f56bfc062723c751e8b465ee728b)
Start importing Assets/Models/Dead tree20210914.max using Guid(cbc20017e2762f649852d0dcbd89f54b) Importer(815301076,1909f56bfc062723c751e8b465ee728b)  -> (artifact id: 'c4fdd3e972c6039b6c83af2548798493') in 0.009869 seconds 
========================================================================
Received Import Request.
  Time since last request: 4.166184 seconds.
  path: Assets/Models/MAXFILES.TXT
  artifactKey: Guid(d02b3eb1526d57b43a9e950a5b8764b3) Importer(815301076,1909f56bfc062723c751e8b465ee728b)
Start importing Assets/Models/MAXFILES.TXT using Guid(d02b3eb1526d57b43a9e950a5b8764b3) Importer(815301076,1909f56bfc062723c751e8b465ee728b)  -> (artifact id: 'd370a0b9487bb6f5e13808a719ab3bf3') in 0.007610 seconds 
========================================================================
Received Import Request.
  Time since last request: 9.600322 seconds.
  path: Assets/Models/sc
  artifactKey: Guid(1ed203f9b233c7e4d8b27053043b2402) Importer(815301076,1909f56bfc062723c751e8b465ee728b)
Start importing Assets/Models/sc using Guid(1ed203f9b233c7e4d8b27053043b2402) Importer(815301076,1909f56bfc062723c751e8b465ee728b)  -> (artifact id: 'd34201f3b28ae0057a8e1ee2cb8db76e') in 0.002861 seconds 
========================================================================
Received Import Request.
  Time since last request: 1.271511 seconds.
  path: Assets/Models/sc/hdr
  artifactKey: Guid(322a7f26574da3940ab7eaa642f3cb41) Importer(815301076,1909f56bfc062723c751e8b465ee728b)
Start importing Assets/Models/sc/hdr using Guid(322a7f26574da3940ab7eaa642f3cb41) Importer(815301076,1909f56bfc062723c751e8b465ee728b)  -> (artifact id: 'c06177a09939b045e51a98617966e297') in 0.002502 seconds 
========================================================================
Received Import Request.
  Time since last request: 0.975353 seconds.
  path: Assets/Models/sc/hdr/HDRI-1
  artifactKey: Guid(c788ec4814acba54b830782690faef29) Importer(815301076,1909f56bfc062723c751e8b465ee728b)
Start importing Assets/Models/sc/hdr/HDRI-1 using Guid(c788ec4814acba54b830782690faef29) Importer(815301076,1909f56bfc062723c751e8b465ee728b)  -> (artifact id: '2e62a97ae4b9cb75f50d152b43a3baa5') in 0.003778 seconds 
========================================================================
Received Import Request.
  Time since last request: 0.095669 seconds.
  path: Assets/Models/sc/hdr/HDRI-1/067.hdr
  artifactKey: Guid(eb44ef10ff099624db97290360d2a4d6) Importer(815301076,1909f56bfc062723c751e8b465ee728b)
Start importing Assets/Models/sc/hdr/HDRI-1/067.hdr using Guid(eb44ef10ff099624db97290360d2a4d6) Importer(815301076,1909f56bfc062723c751e8b465ee728b)  -> (artifact id: 'f77ffe49ef275f87be21380d05ef932c') in 0.022952 seconds 
========================================================================
Received Import Request.
  Time since last request: 5.582617 seconds.
  path: Assets/Models/network
  artifactKey: Guid(a0addaa96bea13e408ff019cf7cc9426) Importer(815301076,1909f56bfc062723c751e8b465ee728b)
Start importing Assets/Models/network using Guid(a0addaa96bea13e408ff019cf7cc9426) Importer(815301076,1909f56bfc062723c751e8b465ee728b)  -> (artifact id: 'ae28dd228cb5c47ffe8fb4d085ac59f9') in 0.003115 seconds 
========================================================================
Received Import Request.
  Time since last request: 1.397743 seconds.
  path: Assets/Models/network/turbosquid
  artifactKey: Guid(0f33cf1c4d79ffd40bd856c850e00485) Importer(815301076,1909f56bfc062723c751e8b465ee728b)
Start importing Assets/Models/network/turbosquid using Guid(0f33cf1c4d79ffd40bd856c850e00485) Importer(815301076,1909f56bfc062723c751e8b465ee728b)  -> (artifact id: 'f74f567ce0098d022021d5a117f99065') in 0.024479 seconds 
========================================================================
Received Import Request.
  Time since last request: 1.382082 seconds.
  path: Assets/Models/network/turbosquid/Dead tree20210914
  artifactKey: Guid(a820850882c3eb3478a2d1c96e8ee3d2) Importer(815301076,1909f56bfc062723c751e8b465ee728b)
Start importing Assets/Models/network/turbosquid/Dead tree20210914 using Guid(a820850882c3eb3478a2d1c96e8ee3d2) Importer(815301076,1909f56bfc062723c751e8b465ee728b)  -> (artifact id: 'acf7cecd036847dcb3b3969bca32ff1a') in 0.003387 seconds 
========================================================================
Received Import Request.
  Time since last request: 0.053540 seconds.
  path: Assets/Models/network/turbosquid/Dead tree20210914/3d66Model-598285-files-1.jpg
  artifactKey: Guid(c6698672a6c400141ba630670d46a00d) Importer(815301076,1909f56bfc062723c751e8b465ee728b)
Start importing Assets/Models/network/turbosquid/Dead tree20210914/3d66Model-598285-files-1.jpg using Guid(c6698672a6c400141ba630670d46a00d) Importer(815301076,1909f56bfc062723c751e8b465ee728b)  -> (artifact id: '4669e1da5f55e1ec1844bfc5515fd79f') in 0.018316 seconds 
========================================================================
Received Import Request.
  Time since last request: 0.000717 seconds.
  path: Assets/Models/network/turbosquid/Dead tree20210914/3d66Model-598285-files-2.jpg
  artifactKey: Guid(c0b6a9f7f2a97974a9a4a073a65708c0) Importer(815301076,1909f56bfc062723c751e8b465ee728b)
Start importing Assets/Models/network/turbosquid/Dead tree20210914/3d66Model-598285-files-2.jpg using Guid(c0b6a9f7f2a97974a9a4a073a65708c0) Importer(815301076,1909f56bfc062723c751e8b465ee728b)  -> (artifact id: '07116e585ec84eb2f206f5ada3ae688b') in 0.013627 seconds 
========================================================================
Received Import Request.
  Time since last request: 0.000357 seconds.
  path: Assets/Models/network/turbosquid/Dead tree20210914/3d66Model-598285-files-3.jpg
  artifactKey: Guid(4669a5120c6d95e44b2ae3c57cc35b6e) Importer(815301076,1909f56bfc062723c751e8b465ee728b)
Start importing Assets/Models/network/turbosquid/Dead tree20210914/3d66Model-598285-files-3.jpg using Guid(4669a5120c6d95e44b2ae3c57cc35b6e) Importer(815301076,1909f56bfc062723c751e8b465ee728b)  -> (artifact id: 'a881ab1b8f31b4603a9c861afa23ecf8') in 0.014836 seconds 
========================================================================
Received Import Request.
  Time since last request: 382.597395 seconds.
  path: Assets/Models
  artifactKey: Guid(a43d1b89bdb6306459c4a8016825e891) Importer(815301076,1909f56bfc062723c751e8b465ee728b)
Start importing Assets/Models using Guid(a43d1b89bdb6306459c4a8016825e891) Importer(815301076,1909f56bfc062723c751e8b465ee728b)  -> (artifact id: '2de21270a45cfa22bc891d089e4d768f') in 0.003209 seconds 
========================================================================
Received Import Request.
  Time since last request: 15.610272 seconds.
  path: Assets/Models/Arvore
  artifactKey: Guid(8b4c08af55241b740bedd66679594096) Importer(815301076,1909f56bfc062723c751e8b465ee728b)
Start importing Assets/Models/Arvore using Guid(8b4c08af55241b740bedd66679594096) Importer(815301076,1909f56bfc062723c751e8b465ee728b)  -> (artifact id: 'cddf2ae0250b4e6b942bc78f09bb644e') in 0.003868 seconds 
========================================================================
Received Import Request.
  Time since last request: 148.818873 seconds.
  path: Assets/Models/Arvore/3ds.3DS
  artifactKey: Guid(bd45b5713764c08429dd09ef85fde452) Importer(815301076,1909f56bfc062723c751e8b465ee728b)
Start importing Assets/Models/Arvore/3ds.3DS using Guid(bd45b5713764c08429dd09ef85fde452) Importer(815301076,1909f56bfc062723c751e8b465ee728b)  -> (artifact id: '4789a9fcd1576c3f31c80dce1c40c2bd') in 0.109929 seconds 
========================================================================
Received Import Request.
  Time since last request: 0.000416 seconds.
  path: Assets/Models/Arvore/fbx.FBX
  artifactKey: Guid(813650bc4985ae2479c5068559fa6a24) Importer(815301076,1909f56bfc062723c751e8b465ee728b)
Start importing Assets/Models/Arvore/fbx.FBX using Guid(813650bc4985ae2479c5068559fa6a24) Importer(815301076,1909f56bfc062723c751e8b465ee728b)  -> (artifact id: 'd42365b8ac4957cbd0aac3128f439dd7') in 0.106399 seconds 
========================================================================
Received Import Request.
  Time since last request: 29.586453 seconds.
  path: Assets/Models/Arvore/Dead tree20210914.max
  artifactKey: Guid(9b738638754ce954889b6b444a2a98f3) Importer(815301076,1909f56bfc062723c751e8b465ee728b)
Start importing Assets/Models/Arvore/Dead tree20210914.max using Guid(9b738638754ce954889b6b444a2a98f3) Importer(815301076,1909f56bfc062723c751e8b465ee728b)  -> (artifact id: '35ffe04c1c65f1d106b9f8f7875be036') in 0.004374 seconds 
========================================================================
Received Import Request.
  Time since last request: 5.530972 seconds.
  path: Assets/Models/Arvore/obj.rar
  artifactKey: Guid(9eaebf4bdff68ba45846298ed74ad429) Importer(815301076,1909f56bfc062723c751e8b465ee728b)
Start importing Assets/Models/Arvore/obj.rar using Guid(9eaebf4bdff68ba45846298ed74ad429) Importer(815301076,1909f56bfc062723c751e8b465ee728b)  -> (artifact id: '3d365fb6b499a229b2cf5e9c74ece4c6') in 0.005765 seconds 
========================================================================
Received Import Request.
  Time since last request: 5.457001 seconds.
  path: Assets/Models/Arvore/sc
  artifactKey: Guid(c2b16641ef153fb42afc08442c9af825) Importer(815301076,1909f56bfc062723c751e8b465ee728b)
Start importing Assets/Models/Arvore/sc using Guid(c2b16641ef153fb42afc08442c9af825) Importer(815301076,1909f56bfc062723c751e8b465ee728b)  -> (artifact id: 'c9d980e1481a131aaacc7bbc013b603c') in 0.002589 seconds 
========================================================================
Received Import Request.
  Time since last request: 0.836044 seconds.
  path: Assets/Models/Arvore/sc/hdr
  artifactKey: Guid(0b6e598764b28a54c91f929daa333f84) Importer(815301076,1909f56bfc062723c751e8b465ee728b)
Start importing Assets/Models/Arvore/sc/hdr using Guid(0b6e598764b28a54c91f929daa333f84) Importer(815301076,1909f56bfc062723c751e8b465ee728b)  -> (artifact id: '785c3b8fa0cf889dd2f0635dd3ab1711') in 0.002788 seconds 
========================================================================
Received Import Request.
  Time since last request: 0.813390 seconds.
  path: Assets/Models/Arvore/sc/hdr/HDRI-1
  artifactKey: Guid(33916ff756003054dbf2f535d839add2) Importer(815301076,1909f56bfc062723c751e8b465ee728b)
Start importing Assets/Models/Arvore/sc/hdr/HDRI-1 using Guid(33916ff756003054dbf2f535d839add2) Importer(815301076,1909f56bfc062723c751e8b465ee728b)  -> (artifact id: '68d77e476db2d5e6e16a758069003fe7') in 0.002610 seconds 
========================================================================
Received Import Request.
  Time since last request: 0.061660 seconds.
  path: Assets/Models/Arvore/sc/hdr/HDRI-1/067.hdr
  artifactKey: Guid(4bf56ff25f2331d4f9e136d561154e10) Importer(815301076,1909f56bfc062723c751e8b465ee728b)
Start importing Assets/Models/Arvore/sc/hdr/HDRI-1/067.hdr using Guid(4bf56ff25f2331d4f9e136d561154e10) Importer(815301076,1909f56bfc062723c751e8b465ee728b)  -> (artifact id: 'cbe04997fd181ab81ba6be1070d316e0') in 0.018482 seconds 
========================================================================
Received Import Request.
  Time since last request: 7.215673 seconds.
  path: Assets/Models/Arvore/network
  artifactKey: Guid(b172e24f612b4f64fb53aa6a014ec9da) Importer(815301076,1909f56bfc062723c751e8b465ee728b)
Start importing Assets/Models/Arvore/network using Guid(b172e24f612b4f64fb53aa6a014ec9da) Importer(815301076,1909f56bfc062723c751e8b465ee728b)  -> (artifact id: '00571952c67bc5a816a06f5c9252877a') in 0.011136 seconds 
========================================================================
Received Import Request.
  Time since last request: 0.596770 seconds.
  path: Assets/Models/Arvore/network/turbosquid
  artifactKey: Guid(83ea5bfc50f875e4aaf46d477d09cfa7) Importer(815301076,1909f56bfc062723c751e8b465ee728b)
Start importing Assets/Models/Arvore/network/turbosquid using Guid(83ea5bfc50f875e4aaf46d477d09cfa7) Importer(815301076,1909f56bfc062723c751e8b465ee728b)  -> (artifact id: 'db3d38cdc039f56886dd705069397ae3') in 0.015868 seconds 
========================================================================
Received Import Request.
  Time since last request: 0.622551 seconds.
  path: Assets/Models/Arvore/network/turbosquid/Dead tree20210914
  artifactKey: Guid(db58622d8a625aa47af8ab5fed214823) Importer(815301076,1909f56bfc062723c751e8b465ee728b)
Start importing Assets/Models/Arvore/network/turbosquid/Dead tree20210914 using Guid(db58622d8a625aa47af8ab5fed214823) Importer(815301076,1909f56bfc062723c751e8b465ee728b)  -> (artifact id: '61eadc812e41568c09325b82bab6d65b') in 0.002901 seconds 
========================================================================
Received Import Request.
  Time since last request: 0.099175 seconds.
  path: Assets/Models/Arvore/network/turbosquid/Dead tree20210914/3d66Model-598285-files-1.jpg
  artifactKey: Guid(19ac934dede100f468432aabc4fe0176) Importer(815301076,1909f56bfc062723c751e8b465ee728b)
Start importing Assets/Models/Arvore/network/turbosquid/Dead tree20210914/3d66Model-598285-files-1.jpg using Guid(19ac934dede100f468432aabc4fe0176) Importer(815301076,1909f56bfc062723c751e8b465ee728b)  -> (artifact id: '5804064bb5f029c929f1fc3dc53a1749') in 0.018686 seconds 
========================================================================
Received Import Request.
  Time since last request: 0.000569 seconds.
  path: Assets/Models/Arvore/network/turbosquid/Dead tree20210914/3d66Model-598285-files-2.jpg
  artifactKey: Guid(e6ae38380a8101d428072e60f079e0d6) Importer(815301076,1909f56bfc062723c751e8b465ee728b)
Start importing Assets/Models/Arvore/network/turbosquid/Dead tree20210914/3d66Model-598285-files-2.jpg using Guid(e6ae38380a8101d428072e60f079e0d6) Importer(815301076,1909f56bfc062723c751e8b465ee728b)  -> (artifact id: '54b1b802ade7aa23343272e5838579f4') in 0.027581 seconds 
========================================================================
Received Import Request.
  Time since last request: 0.002408 seconds.
  path: Assets/Models/Arvore/network/turbosquid/Dead tree20210914/3d66Model-598285-files-3.jpg
  artifactKey: Guid(14f6f00c8ab048345895d67a02eb81fe) Importer(815301076,1909f56bfc062723c751e8b465ee728b)
Start importing Assets/Models/Arvore/network/turbosquid/Dead tree20210914/3d66Model-598285-files-3.jpg using Guid(14f6f00c8ab048345895d67a02eb81fe) Importer(815301076,1909f56bfc062723c751e8b465ee728b)  -> (artifact id: 'fa084d6372652c3d0cdc794b48915828') in 0.014007 seconds 
========================================================================
Received Import Request.
  Time since last request: 290.979434 seconds.
  path: Assets/Models/Arvore/MAXFILES.TXT
  artifactKey: Guid(853a30abe3e861a4e904e6c4ec7f9e78) Importer(815301076,1909f56bfc062723c751e8b465ee728b)
Start importing Assets/Models/Arvore/MAXFILES.TXT using Guid(853a30abe3e861a4e904e6c4ec7f9e78) Importer(815301076,1909f56bfc062723c751e8b465ee728b)  -> (artifact id: 'e32278aacdf3dc1bf8def85a5e82ad82') in 0.016581 seconds 
========================================================================
Received Import Request.
  Time since last request: 228.665957 seconds.
  path: Assets/Models/Arvore/New Material.mat
  artifactKey: Guid(2ccee30d71c450948afab5c11a325c1e) Importer(815301076,1909f56bfc062723c751e8b465ee728b)
Start importing Assets/Models/Arvore/New Material.mat using Guid(2ccee30d71c450948afab5c11a325c1e) Importer(815301076,1909f56bfc062723c751e8b465ee728b)  -> (artifact id: 'f6b50bd4ee8cc76d5456ebd3fcb5023a') in 0.012518 seconds 
========================================================================
Received Import Request.
  Time since last request: 19.144159 seconds.
  path: Assets/Models/Arvore/network/turbosquid/Dead tree20210914/dead tree.mat
  artifactKey: Guid(67648ded266a5664f8afa02313a88502) Importer(815301076,1909f56bfc062723c751e8b465ee728b)
Start importing Assets/Models/Arvore/network/turbosquid/Dead tree20210914/dead tree.mat using Guid(67648ded266a5664f8afa02313a88502) Importer(815301076,1909f56bfc062723c751e8b465ee728b)  -> (artifact id: '9a4d73faf2174913eadcc7bbb47068a7') in 0.012257 seconds 
========================================================================
Received Import Request.
  Time since last request: 108.345039 seconds.
  path: Assets/Scenes/SampleScene.unity
  artifactKey: Guid(9fc0d4010bbf28b4594072e72b8655ab) Importer(815301076,1909f56bfc062723c751e8b465ee728b)
Start importing Assets/Scenes/SampleScene.unity using Guid(9fc0d4010bbf28b4594072e72b8655ab) Importer(815301076,1909f56bfc062723c751e8b465ee728b)  -> (artifact id: 'd3dbd388bb14c61e6aaea27197a16bbd') in 0.019673 seconds 
========================================================================
Received Import Request.
  Time since last request: 17.861014 seconds.
  path: Assets/Book Assets
  artifactKey: Guid(a0342c00c42ade049a06b8a4480d7f39) Importer(815301076,1909f56bfc062723c751e8b465ee728b)
Start importing Assets/Book Assets using Guid(a0342c00c42ade049a06b8a4480d7f39) Importer(815301076,1909f56bfc062723c751e8b465ee728b)  -> (artifact id: 'bff022abaec0f56a8329fa12e2819e69') in 0.006781 seconds 
========================================================================
Received Import Request.
  Time since last request: 1.582181 seconds.
  path: Assets/Book Assets/Models
  artifactKey: Guid(b5af0ad410b06d64f935e287886a595f) Importer(815301076,1909f56bfc062723c751e8b465ee728b)
Start importing Assets/Book Assets/Models using Guid(b5af0ad410b06d64f935e287886a595f) Importer(815301076,1909f56bfc062723c751e8b465ee728b)  -> (artifact id: '72f87fc5ad1feb30be1442426c0fcff0') in 0.006185 seconds 
========================================================================
Received Import Request.
  Time since last request: 0.097844 seconds.
  path: Assets/Book Assets/Models/campfire.fbx
  artifactKey: Guid(ce040982d3c2c4754a6d5d6ccda0cdd8) Importer(815301076,1909f56bfc062723c751e8b465ee728b)
Start importing Assets/Book Assets/Models/campfire.fbx using Guid(ce040982d3c2c4754a6d5d6ccda0cdd8) Importer(815301076,1909f56bfc062723c751e8b465ee728b)  -> (artifact id: '5532aa9587e657f6f236d8de9a7854bf') in 0.562747 seconds 
========================================================================
Received Import Request.
  Time since last request: 0.000601 seconds.
  path: Assets/Book Assets/Models/target.fbx
  artifactKey: Guid(f21b73d3da843424c8a08424bae3b6cc) Importer(815301076,1909f56bfc062723c751e8b465ee728b)
Start importing Assets/Book Assets/Models/target.fbx using Guid(f21b73d3da843424c8a08424bae3b6cc) Importer(815301076,1909f56bfc062723c751e8b465ee728b)  -> (artifact id: '8addbac186c2d23113f4403b795c4e28') in 0.094936 seconds 
========================================================================
Received Import Request.
  Time since last request: 0.000266 seconds.
  path: Assets/Book Assets/Models/outPost.fbx
  artifactKey: Guid(7b5b57d547ed446c795e8b86e881b006) Importer(815301076,1909f56bfc062723c751e8b465ee728b)
Start importing Assets/Book Assets/Models/outPost.fbx using Guid(7b5b57d547ed446c795e8b86e881b006) Importer(815301076,1909f56bfc062723c751e8b465ee728b)  -> (artifact id: 'c79294058db1417809cd384206c4c569') in 0.120122 seconds 
========================================================================
Received Import Request.
  Time since last request: 0.000384 seconds.
  path: Assets/Book Assets/Models/matchbox.fbx
  artifactKey: Guid(4faf268a5fe97410691cf2cf2c828b57) Importer(815301076,1909f56bfc062723c751e8b465ee728b)
Start importing Assets/Book Assets/Models/matchbox.fbx using Guid(4faf268a5fe97410691cf2cf2c828b57) Importer(815301076,1909f56bfc062723c751e8b465ee728b)  -> (artifact id: '46a8f88aa8305566add7f05ebecb9202') in 0.023002 seconds 
========================================================================
Received Import Request.
  Time since last request: 0.000458 seconds.
  path: Assets/Book Assets/Models/coconutShy.fbx
  artifactKey: Guid(527b563e83815419cbb75081cc0a594b) Importer(815301076,1909f56bfc062723c751e8b465ee728b)
Start importing Assets/Book Assets/Models/coconutShy.fbx using Guid(527b563e83815419cbb75081cc0a594b) Importer(815301076,1909f56bfc062723c751e8b465ee728b)  -> (artifact id: 'c2519f987213e7c66b574eda7bd31ee7') in 0.194662 seconds 
========================================================================
Received Import Request.
  Time since last request: 0.000283 seconds.
  path: Assets/Book Assets/Models/generator.fbx
  artifactKey: Guid(31c03f629e3ce437ca8454fe54ce026a) Importer(815301076,1909f56bfc062723c751e8b465ee728b)
Start importing Assets/Book Assets/Models/generator.fbx using Guid(31c03f629e3ce437ca8454fe54ce026a) Importer(815301076,1909f56bfc062723c751e8b465ee728b)  -> (artifact id: '450387989b27f797a354f20d71aa3599') in 0.035129 seconds 
========================================================================
Received Import Request.
  Time since last request: 0.000265 seconds.
  path: Assets/Book Assets/Models/powerCell.fbx
  artifactKey: Guid(46343425c2eef44398d93b235cc6378a) Importer(815301076,1909f56bfc062723c751e8b465ee728b)
Start importing Assets/Book Assets/Models/powerCell.fbx using Guid(46343425c2eef44398d93b235cc6378a) Importer(815301076,1909f56bfc062723c751e8b465ee728b)  -> (artifact id: 'bca41911f5d86fdd4a9f50e272fdf6bc') in 0.045040 seconds 
========================================================================
Received Import Request.
  Time since last request: 79.724023 seconds.
  path: Assets/Models/Arvore/network/turbosquid/Dead tree20210914/3d66Model-598285-files-1.jpg
  artifactKey: Guid(19ac934dede100f468432aabc4fe0176) Importer(815301076,1909f56bfc062723c751e8b465ee728b)
Start importing Assets/Models/Arvore/network/turbosquid/Dead tree20210914/3d66Model-598285-files-1.jpg using Guid(19ac934dede100f468432aabc4fe0176) Importer(815301076,1909f56bfc062723c751e8b465ee728b)  -> (artifact id: '44df4b32c17ce46b40077e8be073b8e7') in 0.138365 seconds 
========================================================================
Received Import Request.
  Time since last request: 12.145609 seconds.
  path: Assets/Models/Arvore/network/turbosquid/Dead tree20210914/3d66Model-598285-files-1.jpg
  artifactKey: Guid(19ac934dede100f468432aabc4fe0176) Importer(815301076,1909f56bfc062723c751e8b465ee728b)
Start importing Assets/Models/Arvore/network/turbosquid/Dead tree20210914/3d66Model-598285-files-1.jpg using Guid(19ac934dede100f468432aabc4fe0176) Importer(815301076,1909f56bfc062723c751e8b465ee728b)  -> (artifact id: 'b90d6701f865d852c50b39a34066e5eb') in 0.017912 seconds 
========================================================================
Received Import Request.
  Time since last request: 569.849955 seconds.
  path: Assets/Models/export
  artifactKey: Guid(b300064942666574b8622b150764c049) Importer(815301076,1909f56bfc062723c751e8b465ee728b)
Start importing Assets/Models/export using Guid(b300064942666574b8622b150764c049) Importer(815301076,1909f56bfc062723c751e8b465ee728b)  -> (artifact id: '9092fbfd53370171d89afcf61e13079d') in 0.011076 seconds 
========================================================================
Received Import Request.
  Time since last request: 2.576410 seconds.
  path: Assets/Models/export/materials used
  artifactKey: Guid(aac69928de061474d9520d8d99098011) Importer(815301076,1909f56bfc062723c751e8b465ee728b)
Start importing Assets/Models/export/materials used using Guid(aac69928de061474d9520d8d99098011) Importer(815301076,1909f56bfc062723c751e8b465ee728b)  -> (artifact id: 'af767bbe10264504e5663e02fd5d6d2d') in 0.010311 seconds 
========================================================================
Received Import Request.
  Time since last request: 0.568202 seconds.
  path: Assets/Models/export/materials used/roof_basecolor.png
  artifactKey: Guid(3572623f650138349a576bc7313704aa) Importer(815301076,1909f56bfc062723c751e8b465ee728b)
Start importing Assets/Models/export/materials used/roof_basecolor.png using Guid(3572623f650138349a576bc7313704aa) Importer(815301076,1909f56bfc062723c751e8b465ee728b)  -> (artifact id: 'd3fe6df75451aeeb2fe8979b70b4df37') in 0.015558 seconds 
========================================================================
Received Import Request.
  Time since last request: 0.000581 seconds.
  path: Assets/Models/export/materials used/roof_optional_normal.png
  artifactKey: Guid(4172be95f0386a6499e7226d4dea105d) Importer(815301076,1909f56bfc062723c751e8b465ee728b)
Start importing Assets/Models/export/materials used/roof_optional_normal.png using Guid(4172be95f0386a6499e7226d4dea105d) Importer(815301076,1909f56bfc062723c751e8b465ee728b)  -> (artifact id: 'c3f0d032aa4704f4d5f96fbb846bcabd') in 0.013854 seconds 
========================================================================
Received Import Request.
  Time since last request: 0.001104 seconds.
  path: Assets/Models/export/materials used/sticks+roof_roughness.jpg
  artifactKey: Guid(4dd26cd03f4dd4041876621017288a4b) Importer(815301076,1909f56bfc062723c751e8b465ee728b)
Start importing Assets/Models/export/materials used/sticks+roof_roughness.jpg using Guid(4dd26cd03f4dd4041876621017288a4b) Importer(815301076,1909f56bfc062723c751e8b465ee728b)  -> (artifact id: 'de78602e5db301bc30539c55ced5f20e') in 0.016886 seconds 
========================================================================
Received Import Request.
  Time since last request: 0.000842 seconds.
  path: Assets/Models/export/materials used/sticks_basecolor.png
  artifactKey: Guid(58f7c2b31c67ce841b4a91424894102b) Importer(815301076,1909f56bfc062723c751e8b465ee728b)
Start importing Assets/Models/export/materials used/sticks_basecolor.png using Guid(58f7c2b31c67ce841b4a91424894102b) Importer(815301076,1909f56bfc062723c751e8b465ee728b)  -> (artifact id: '40e793da3d87c025849e97c969a672ef') in 0.023054 seconds 
========================================================================
Received Import Request.
  Time since last request: 0.000615 seconds.
  path: Assets/Models/export/materials used/sticks_normal.jpg
  artifactKey: Guid(d63b7fd62a01bf141aefc95e1f7bc619) Importer(815301076,1909f56bfc062723c751e8b465ee728b)
Start importing Assets/Models/export/materials used/sticks_normal.jpg using Guid(d63b7fd62a01bf141aefc95e1f7bc619) Importer(815301076,1909f56bfc062723c751e8b465ee728b)  -> (artifact id: 'c0a722f05fceb8a062e4bc3c69714b5d') in 0.015195 seconds 
========================================================================
Received Import Request.
  Time since last request: 0.000489 seconds.
  path: Assets/Models/export/materials used/roof_normal.png
  artifactKey: Guid(bce9c6abe682ac345a8bcd51c062537d) Importer(815301076,1909f56bfc062723c751e8b465ee728b)
Start importing Assets/Models/export/materials used/roof_normal.png using Guid(bce9c6abe682ac345a8bcd51c062537d) Importer(815301076,1909f56bfc062723c751e8b465ee728b)  -> (artifact id: 'd1c6ffe886041b81e837e23ac2693c0c') in 0.015397 seconds 
========================================================================
Received Import Request.
  Time since last request: 8.235087 seconds.
  path: Assets/Models/export/mesh
  artifactKey: Guid(538a5258c5eb59a478681b1c39a79494) Importer(815301076,1909f56bfc062723c751e8b465ee728b)
Start importing Assets/Models/export/mesh using Guid(538a5258c5eb59a478681b1c39a79494) Importer(815301076,1909f56bfc062723c751e8b465ee728b)  -> (artifact id: '7e1b5d814b642ce7cc5a0a36bcaf33cd') in 0.010076 seconds 
========================================================================
Received Import Request.
  Time since last request: 0.039245 seconds.
  path: Assets/Models/export/mesh/highpoly_Reed_Hut_01.3ds
  artifactKey: Guid(4abc38749ee61464289f176a48edbc64) Importer(815301076,1909f56bfc062723c751e8b465ee728b)
Start importing Assets/Models/export/mesh/highpoly_Reed_Hut_01.3ds using Guid(4abc38749ee61464289f176a48edbc64) Importer(815301076,1909f56bfc062723c751e8b465ee728b)  -> (artifact id: 'eff44bb8389a2c6e1b375d35c0ad5eef') in 0.009232 seconds 
========================================================================
Received Import Request.
  Time since last request: 0.000651 seconds.
  path: Assets/Models/export/mesh/lowpoly_Reed_Hut_01.3ds
  artifactKey: Guid(bc9defe0c4b2da94c9eeb2a2150154b8) Importer(815301076,1909f56bfc062723c751e8b465ee728b)
Start importing Assets/Models/export/mesh/lowpoly_Reed_Hut_01.3ds using Guid(bc9defe0c4b2da94c9eeb2a2150154b8) Importer(815301076,1909f56bfc062723c751e8b465ee728b)  -> (artifact id: '35fc4dc7005e79ccf30fa38e176947fd') in 0.072290 seconds 
========================================================================
Received Import Request.
  Time since last request: 0.000619 seconds.
  path: Assets/Models/export/mesh/midpoly_Reed_Hut_01.obj
  artifactKey: Guid(e7135ceb1b3e08345862f8c44403ecfe) Importer(815301076,1909f56bfc062723c751e8b465ee728b)
Start importing Assets/Models/export/mesh/midpoly_Reed_Hut_01.obj using Guid(e7135ceb1b3e08345862f8c44403ecfe) Importer(815301076,1909f56bfc062723c751e8b465ee728b)  -> (artifact id: '61cdcdf8800c9a55c3c18c29061bdba6') in 0.081604 seconds 
========================================================================
Received Import Request.
  Time since last request: 0.000589 seconds.
  path: Assets/Models/export/mesh/highpoly_Reed_Hut_01.fbx
  artifactKey: Guid(58984d265995ba14395ccdad751f8871) Importer(815301076,1909f56bfc062723c751e8b465ee728b)
Start importing Assets/Models/export/mesh/highpoly_Reed_Hut_01.fbx using Guid(58984d265995ba14395ccdad751f8871) Importer(815301076,1909f56bfc062723c751e8b465ee728b)  -> (artifact id: '76166d944405e73797f778b97969db58') in 0.145888 seconds 
========================================================================
Received Import Request.
  Time since last request: 0.000799 seconds.
  path: Assets/Models/export/mesh/lowpoly_Reed_Hut_01.fbx
  artifactKey: Guid(80d5e538839609a4187413476301a9f6) Importer(815301076,1909f56bfc062723c751e8b465ee728b)
Start importing Assets/Models/export/mesh/lowpoly_Reed_Hut_01.fbx using Guid(80d5e538839609a4187413476301a9f6) Importer(815301076,1909f56bfc062723c751e8b465ee728b)  -> (artifact id: '42f1b08da3a027a690bf65787e5e77fe') in 0.065867 seconds 
========================================================================
Received Import Request.
  Time since last request: 0.000540 seconds.
  path: Assets/Models/export/mesh/midpoly_Reed_Hut_01.fbx
  artifactKey: Guid(e5b4a0de5da88384aa691fdff4b56d48) Importer(815301076,1909f56bfc062723c751e8b465ee728b)
Start importing Assets/Models/export/mesh/midpoly_Reed_Hut_01.fbx using Guid(e5b4a0de5da88384aa691fdff4b56d48) Importer(815301076,1909f56bfc062723c751e8b465ee728b)  -> (artifact id: 'ef45e55b6339a7b43e5be40f8a551b6b') in 0.103668 seconds 
========================================================================
Received Import Request.
  Time since last request: 0.000592 seconds.
  path: Assets/Models/export/mesh/lowpoly_Reed_Hut_01.obj
  artifactKey: Guid(7cc297ac81de20e41944399e2c0349b9) Importer(815301076,1909f56bfc062723c751e8b465ee728b)
Start importing Assets/Models/export/mesh/lowpoly_Reed_Hut_01.obj using Guid(7cc297ac81de20e41944399e2c0349b9) Importer(815301076,1909f56bfc062723c751e8b465ee728b)  -> (artifact id: 'bf45ab954e95890528560469eaf1e493') in 0.054947 seconds 
========================================================================
Received Import Request.
  Time since last request: 0.000579 seconds.
  path: Assets/Models/export/mesh/midpoly_Reed_Hut_01.3ds
  artifactKey: Guid(76780587afde83340a835e16f212e2bc) Importer(815301076,1909f56bfc062723c751e8b465ee728b)
Start importing Assets/Models/export/mesh/midpoly_Reed_Hut_01.3ds using Guid(76780587afde83340a835e16f212e2bc) Importer(815301076,1909f56bfc062723c751e8b465ee728b)  -> (artifact id: 'a8e6c64ba7be2eb323ce607854780d9f') in 0.093045 seconds 
========================================================================
Received Import Request.
  Time since last request: 0.000765 seconds.
  path: Assets/Models/export/mesh/highpoly_Reed_Hut_01.obj
  artifactKey: Guid(34652ef9589b13341a7703292e69adee) Importer(815301076,1909f56bfc062723c751e8b465ee728b)
Start importing Assets/Models/export/mesh/highpoly_Reed_Hut_01.obj using Guid(34652ef9589b13341a7703292e69adee) Importer(815301076,1909f56bfc062723c751e8b465ee728b)  -> (artifact id: 'bcb26cc31ecc088a6f0c26d0e267e29c') in 0.142977 seconds 
========================================================================
Received Import Request.
  Time since last request: 94.533859 seconds.
  path: Assets/Models/export/materials used/New Material.mat
  artifactKey: Guid(327a493c812daae4faa5963782c33928) Importer(815301076,1909f56bfc062723c751e8b465ee728b)
Start importing Assets/Models/export/materials used/New Material.mat using Guid(327a493c812daae4faa5963782c33928) Importer(815301076,1909f56bfc062723c751e8b465ee728b)  -> (artifact id: '93e4052966995a6a2133f1ca1f0618c6') in 0.025674 seconds 
========================================================================
Received Import Request.
  Time since last request: 364.155335 seconds.
  path: Assets/Models/export/materials used/roof_normal.png
  artifactKey: Guid(bce9c6abe682ac345a8bcd51c062537d) Importer(815301076,1909f56bfc062723c751e8b465ee728b)
Start importing Assets/Models/export/materials used/roof_normal.png using Guid(bce9c6abe682ac345a8bcd51c062537d) Importer(815301076,1909f56bfc062723c751e8b465ee728b)  -> (artifact id: 'd389bad8d1c039285dd440dd5ac65962') in 0.018745 seconds 
========================================================================
Received Import Request.
  Time since last request: 95.527090 seconds.
  path: Assets/Models/Arvore/network/turbosquid/Dead tree20210914/3d66Model-598285-files-3.jpg
  artifactKey: Guid(14f6f00c8ab048345895d67a02eb81fe) Importer(815301076,1909f56bfc062723c751e8b465ee728b)
Start importing Assets/Models/Arvore/network/turbosquid/Dead tree20210914/3d66Model-598285-files-3.jpg using Guid(14f6f00c8ab048345895d67a02eb81fe) Importer(815301076,1909f56bfc062723c751e8b465ee728b)  -> (artifact id: 'ee9b0297c8f60b246b5b9accf6200a64') in 0.020755 seconds 
========================================================================
Received Import Request.
  Time since last request: 360.809407 seconds.
  path: Assets/Models/Arvore/texturas
  artifactKey: Guid(b172e24f612b4f64fb53aa6a014ec9da) Importer(815301076,1909f56bfc062723c751e8b465ee728b)
Start importing Assets/Models/Arvore/texturas using Guid(b172e24f612b4f64fb53aa6a014ec9da) Importer(815301076,1909f56bfc062723c751e8b465ee728b)  -> (artifact id: 'f607d2a96afb729e41e348d1335a47bc') in 0.005570 seconds 
========================================================================
Received Import Request.
  Time since last request: 21.838892 seconds.
  path: Assets/Models/Cactus
  artifactKey: Guid(c265a2d168072e94e8b9191e5d6f71d8) Importer(815301076,1909f56bfc062723c751e8b465ee728b)
Start importing Assets/Models/Cactus using Guid(c265a2d168072e94e8b9191e5d6f71d8) Importer(815301076,1909f56bfc062723c751e8b465ee728b)  -> (artifact id: '834bf9374493c40dc00889b6859f7893') in 0.005627 seconds 
========================================================================
Received Import Request.
  Time since last request: 37.243001 seconds.
  path: Assets/Models/Cabana
  artifactKey: Guid(b300064942666574b8622b150764c049) Importer(815301076,1909f56bfc062723c751e8b465ee728b)
Start importing Assets/Models/Cabana using Guid(b300064942666574b8622b150764c049) Importer(815301076,1909f56bfc062723c751e8b465ee728b)  -> (artifact id: 'f5d98c5606b9a2164901e9fac399544d') in 0.004464 seconds 
========================================================================
Received Import Request.
  Time since last request: 555.626527 seconds.
  path: Assets/Models/Lampeao
  artifactKey: Guid(a0f429a6f3f12eb448f70b30799a6241) Importer(815301076,1909f56bfc062723c751e8b465ee728b)
Start importing Assets/Models/Lampeao using Guid(a0f429a6f3f12eb448f70b30799a6241) Importer(815301076,1909f56bfc062723c751e8b465ee728b)  -> (artifact id: '0e4b8cdf8168316f1cecfd9c06c7e94d') in 0.006388 seconds 
========================================================================
Received Import Request.
  Time since last request: 3.123752 seconds.
  path: Assets/Models/Lampeao/source
  artifactKey: Guid(447ac6b8b5836004f8303c0eda44b9ac) Importer(815301076,1909f56bfc062723c751e8b465ee728b)
Start importing Assets/Models/Lampeao/source using Guid(447ac6b8b5836004f8303c0eda44b9ac) Importer(815301076,1909f56bfc062723c751e8b465ee728b)  -> (artifact id: 'b5c3bb0da0856b69b482d9b5d6be0e9f') in 0.006863 seconds 
========================================================================
Received Import Request.
  Time since last request: 1.817206 seconds.
  path: Assets/Models/Lampeao/source/Lampiao_low.fbx
  artifactKey: Guid(8db43fbabc559ee4e94471d3345861fe) Importer(815301076,1909f56bfc062723c751e8b465ee728b)
Start importing Assets/Models/Lampeao/source/Lampiao_low.fbx using Guid(8db43fbabc559ee4e94471d3345861fe) Importer(815301076,1909f56bfc062723c751e8b465ee728b)  -> (artifact id: '2b7a4007b9a9b9be5bc07871b84127a3') in 0.952972 seconds 
========================================================================
Received Import Request.
  Time since last request: 87.136186 seconds.
  path: Assets/Materials
  artifactKey: Guid(d5a37ba5b692c3d438827a48dff798e7) Importer(815301076,1909f56bfc062723c751e8b465ee728b)
Start importing Assets/Materials using Guid(d5a37ba5b692c3d438827a48dff798e7) Importer(815301076,1909f56bfc062723c751e8b465ee728b)  -> (artifact id: '54dc69dcc442725a998d17da7cbf13f5') in 0.005286 seconds 
========================================================================
Received Import Request.
  Time since last request: 2120.681391 seconds.
  path: Assets/Fantasy Monster(wizard) Demo/Environment/Effects/Particle_blood_01_Alpha.mat
  artifactKey: Guid(e18bab3442706a24b9b613bd375c7e69) Importer(815301076,1909f56bfc062723c751e8b465ee728b)
Start importing Assets/Fantasy Monster(wizard) Demo/Environment/Effects/Particle_blood_01_Alpha.mat using Guid(e18bab3442706a24b9b613bd375c7e69) Importer(815301076,1909f56bfc062723c751e8b465ee728b)  -> (artifact id: 'a214614233f49dd911a7d9057dc78b74') in 0.046752 seconds 
========================================================================
Received Import Request.
  Time since last request: 65.935289 seconds.
  path: Assets/Terrain/New Terrain.asset
  artifactKey: Guid(0bc769f662b5b254286901f26e598d4d) Importer(815301076,1909f56bfc062723c751e8b465ee728b)
Start importing Assets/Terrain/New Terrain.asset using Guid(0bc769f662b5b254286901f26e598d4d) Importer(815301076,1909f56bfc062723c751e8b465ee728b)  -> (artifact id: 'b6e29fee1691dcdf1207ad15edaf9147') in 0.039142 seconds 
========================================================================
Received Import Request.
  Time since last request: 0.000546 seconds.
  path: Assets/Terrain/NewLayer.terrainlayer
  artifactKey: Guid(903587f7a1194be4c9c8f4b47cdc889d) Importer(815301076,1909f56bfc062723c751e8b465ee728b)
Start importing Assets/Terrain/NewLayer.terrainlayer using Guid(903587f7a1194be4c9c8f4b47cdc889d) Importer(815301076,1909f56bfc062723c751e8b465ee728b)  -> (artifact id: '505ec9d626720bd6c3783de25e6b5ace') in 0.091374 seconds 
========================================================================
Received Import Request.
  Time since last request: 0.000456 seconds.
  path: Assets/Terrain/NewLayer 2.terrainlayer
  artifactKey: Guid(4d490f55f95d41146b13dea2ccabe56a) Importer(815301076,1909f56bfc062723c751e8b465ee728b)
Start importing Assets/Terrain/NewLayer 2.terrainlayer using Guid(4d490f55f95d41146b13dea2ccabe56a) Importer(815301076,1909f56bfc062723c751e8b465ee728b)  -> (artifact id: 'b26173b9e19e8d17d202cfe33aa7ab75') in 0.024910 seconds 
========================================================================
Received Import Request.
  Time since last request: 0.000520 seconds.
  path: Assets/Terrain/NewLayer 1.terrainlayer
  artifactKey: Guid(8653b5fbb5e2de748bd7512323180d83) Importer(815301076,1909f56bfc062723c751e8b465ee728b)
Start importing Assets/Terrain/NewLayer 1.terrainlayer using Guid(8653b5fbb5e2de748bd7512323180d83) Importer(815301076,1909f56bfc062723c751e8b465ee728b)  -> (artifact id: '8abc61f1d8314a19671ce9c730a37064') in 0.021413 seconds 
========================================================================
Received Import Request.
  Time since last request: 134.786235 seconds.
  path: Assets/Book Assets/Sounds/cell_collected.wav
  artifactKey: Guid(e4733623de62c44819074fe1e9b6aeb9) Importer(815301076,1909f56bfc062723c751e8b465ee728b)
Start importing Assets/Book Assets/Sounds/cell_collected.wav using Guid(e4733623de62c44819074fe1e9b6aeb9) Importer(815301076,1909f56bfc062723c751e8b465ee728b)  -> (artifact id: '2f32550ae444cb5c8c2801dc0265d490') in 0.049542 seconds 
========================================================================
Received Import Request.
  Time since last request: 0.000763 seconds.
  path: Assets/Book Assets/Sounds/target_hit.wav
  artifactKey: Guid(0cf0edd99108843a5adbcbb9ace3f2f5) Importer(815301076,1909f56bfc062723c751e8b465ee728b)
Start importing Assets/Book Assets/Sounds/target_hit.wav using Guid(0cf0edd99108843a5adbcbb9ace3f2f5) Importer(815301076,1909f56bfc062723c751e8b465ee728b)  -> (artifact id: '9ac8f3968fa4feaf96aa679efc9f3f99') in 0.022552 seconds 
========================================================================
Received Import Request.
  Time since last request: 0.000583 seconds.
  path: Assets/Book Assets/Sounds/win_clip.wav
  artifactKey: Guid(a2d2f6b0be1044a8aa50a2242898007b) Importer(815301076,1909f56bfc062723c751e8b465ee728b)
Start importing Assets/Book Assets/Sounds/win_clip.wav using Guid(a2d2f6b0be1044a8aa50a2242898007b) Importer(815301076,1909f56bfc062723c751e8b465ee728b)  -> (artifact id: '37afd9ea45519dd0e98034526ea3f967') in 0.021338 seconds 
========================================================================
Received Import Request.
  Time since last request: 0.001215 seconds.
  path: Assets/Book Assets/Sounds/fire_atmosphere.wav
  artifactKey: Guid(ac75e7af84cd44802930c6ca5320b960) Importer(815301076,1909f56bfc062723c751e8b465ee728b)
Start importing Assets/Book Assets/Sounds/fire_atmosphere.wav using Guid(ac75e7af84cd44802930c6ca5320b960) Importer(815301076,1909f56bfc062723c751e8b465ee728b)  -> (artifact id: '92ed31b551b86710a0d3e1be6af4941b') in 0.018630 seconds 
========================================================================
Received Import Request.
  Time since last request: 0.000694 seconds.
  path: Assets/Book Assets/Sounds/menu_beep.wav
  artifactKey: Guid(5ef113ab4bf224549ac9ba830450588d) Importer(815301076,1909f56bfc062723c751e8b465ee728b)
Start importing Assets/Book Assets/Sounds/menu_beep.wav using Guid(5ef113ab4bf224549ac9ba830450588d) Importer(815301076,1909f56bfc062723c751e8b465ee728b)  -> (artifact id: 'bb56a26c619d6d4a5d9a5bd18032e3c3') in 0.018482 seconds 
========================================================================
Received Import Request.
  Time since last request: 0.000778 seconds.
  path: Assets/Book Assets/Sounds/hillside.mp3
  artifactKey: Guid(3859321605fe249e6b86712e84f28cd2) Importer(815301076,1909f56bfc062723c751e8b465ee728b)
Start importing Assets/Book Assets/Sounds/hillside.mp3 using Guid(3859321605fe249e6b86712e84f28cd2) Importer(815301076,1909f56bfc062723c751e8b465ee728b)  -> (artifact id: '5b31ae236a757c7ec08a7c956b45f9b7') in 0.021021 seconds 
========================================================================
Received Import Request.
  Time since last request: 0.000555 seconds.
  path: Assets/Book Assets/Sounds/target_reset.wav
  artifactKey: Guid(5ee80c3508b0e4334b66903c8f89797a) Importer(815301076,1909f56bfc062723c751e8b465ee728b)
Start importing Assets/Book Assets/Sounds/target_reset.wav using Guid(5ee80c3508b0e4334b66903c8f89797a) Importer(815301076,1909f56bfc062723c751e8b465ee728b)  -> (artifact id: '383b769d634872975e24ba78172edfd2') in 0.019245 seconds 
========================================================================
Received Import Request.
  Time since last request: 0.000651 seconds.
  path: Assets/Book Assets/Sounds/door_open.wav
  artifactKey: Guid(0b5cb7471b5c04d53ad9211a037a15bd) Importer(815301076,1909f56bfc062723c751e8b465ee728b)
Start importing Assets/Book Assets/Sounds/door_open.wav using Guid(0b5cb7471b5c04d53ad9211a037a15bd) Importer(815301076,1909f56bfc062723c751e8b465ee728b)  -> (artifact id: '9026bc30801be3fb255214a720ff0d5b') in 0.019279 seconds 
========================================================================
Received Import Request.
  Time since last request: 0.000812 seconds.
  path: Assets/Book Assets/Sounds/door_shut.wav
  artifactKey: Guid(1c882c9bd2dd74915bcdcd1859c40a19) Importer(815301076,1909f56bfc062723c751e8b465ee728b)
Start importing Assets/Book Assets/Sounds/door_shut.wav using Guid(1c882c9bd2dd74915bcdcd1859c40a19) Importer(815301076,1909f56bfc062723c751e8b465ee728b)  -> (artifact id: '266361869df765087d22a73f8f2c80bc') in 0.018054 seconds 
========================================================================
Received Import Request.
  Time since last request: 0.001012 seconds.
  path: Assets/Book Assets/Sounds/win_cell.wav
  artifactKey: Guid(0265ac53b267e483a8b15f812c8328d4) Importer(815301076,1909f56bfc062723c751e8b465ee728b)
Start importing Assets/Book Assets/Sounds/win_cell.wav using Guid(0265ac53b267e483a8b15f812c8328d4) Importer(815301076,1909f56bfc062723c751e8b465ee728b)  -> (artifact id: 'b518ef60a4d1a710408b3c034382828e') in 0.015074 seconds 
========================================================================
Received Import Request.
  Time since last request: 0.000631 seconds.
  path: Assets/Book Assets/Sounds/door_powerup.wav
  artifactKey: Guid(d70c60e97d9e7454385235bfe7b0db45) Importer(815301076,1909f56bfc062723c751e8b465ee728b)
Start importing Assets/Book Assets/Sounds/door_powerup.wav using Guid(d70c60e97d9e7454385235bfe7b0db45) Importer(815301076,1909f56bfc062723c751e8b465ee728b)  -> (artifact id: 'a302e9233c167d4a587c0579bec41cac') in 0.015455 seconds 
========================================================================
Received Import Request.
  Time since last request: 0.000603 seconds.
  path: Assets/Book Assets/Sounds/coconut_throw.wav
  artifactKey: Guid(7dfba132a836245348115b63f7f62cc8) Importer(815301076,1909f56bfc062723c751e8b465ee728b)
Start importing Assets/Book Assets/Sounds/coconut_throw.wav using Guid(7dfba132a836245348115b63f7f62cc8) Importer(815301076,1909f56bfc062723c751e8b465ee728b)  -> (artifact id: '1da167778a4b4ac22ea7497275a1762b') in 0.020656 seconds 
========================================================================
Received Import Request.
  Time since last request: 0.000397 seconds.
  path: Assets/Book Assets/Sounds/door_locked.wav
  artifactKey: Guid(d245ac86a81e74e8eaf229ef1e62e2d4) Importer(815301076,1909f56bfc062723c751e8b465ee728b)
Start importing Assets/Book Assets/Sounds/door_locked.wav using Guid(d245ac86a81e74e8eaf229ef1e62e2d4) Importer(815301076,1909f56bfc062723c751e8b465ee728b)  -> (artifact id: 'b532f0c095739aa31d3a377731abe4a4') in 0.013950 seconds 
========================================================================
Received Import Request.
  Time since last request: 0.000789 seconds.
  path: Assets/Book Assets/Sounds/volcanoRumble.aiff
  artifactKey: Guid(17cd73b45cdd14579a228458af2c1878) Importer(815301076,1909f56bfc062723c751e8b465ee728b)
Start importing Assets/Book Assets/Sounds/volcanoRumble.aiff using Guid(17cd73b45cdd14579a228458af2c1878) Importer(815301076,1909f56bfc062723c751e8b465ee728b)  -> (artifact id: '55650d2097869504e7099224a57a3fd7') in 0.041874 seconds 
========================================================================
Received Import Request.
  Time since last request: 1.730784 seconds.
  path: Assets/Book Assets/Textures/arrows.jpg
  artifactKey: Guid(236ae32dba7ec4ca7a8dc18ccc331bb4) Importer(815301076,1909f56bfc062723c751e8b465ee728b)
Start importing Assets/Book Assets/Textures/arrows.jpg using Guid(236ae32dba7ec4ca7a8dc18ccc331bb4) Importer(815301076,1909f56bfc062723c751e8b465ee728b)  -> (artifact id: '47b34f5e19853c8e431033e41fba8214') in 0.022471 seconds 
========================================================================
Received Import Request.
  Time since last request: 0.000485 seconds.
  path: Assets/Book Assets/Textures/bunker_texture.jpg
  artifactKey: Guid(8b363982fa85347a093296f730322b8b) Importer(815301076,1909f56bfc062723c751e8b465ee728b)
Start importing Assets/Book Assets/Textures/bunker_texture.jpg using Guid(8b363982fa85347a093296f730322b8b) Importer(815301076,1909f56bfc062723c751e8b465ee728b)  -> (artifact id: '30ac456af3b2075b42f0e54653d475b3') in 0.016336 seconds 
========================================================================
Received Import Request.
  Time since last request: 0.000863 seconds.
  path: Assets/Book Assets/Textures/flame.jpg
  artifactKey: Guid(e8191db64cc854a4eb3f74648d32f898) Importer(815301076,1909f56bfc062723c751e8b465ee728b)
Start importing Assets/Book Assets/Textures/flame.jpg using Guid(e8191db64cc854a4eb3f74648d32f898) Importer(815301076,1909f56bfc062723c751e8b465ee728b)  -> (artifact id: 'ad65735f4cdc0bce53f832b1c560bfbc') in 0.021109 seconds 
========================================================================
Received Import Request.
  Time since last request: 0.000850 seconds.
  path: Assets/Book Assets/Textures/guiBtnHover.png
  artifactKey: Guid(291634378e1da456fbc9340d9d9605a4) Importer(815301076,1909f56bfc062723c751e8b465ee728b)
Start importing Assets/Book Assets/Textures/guiBtnHover.png using Guid(291634378e1da456fbc9340d9d9605a4) Importer(815301076,1909f56bfc062723c751e8b465ee728b)  -> (artifact id: 'ff08a6dcf542ce0ee2e8787f459f79f0') in 0.024591 seconds 
========================================================================
Received Import Request.
  Time since last request: 0.000784 seconds.
  path: Assets/Book Assets/Textures/hud_charge1.png
  artifactKey: Guid(e4ef7a64bb14d407eab4ff1f33a2bf7d) Importer(815301076,1909f56bfc062723c751e8b465ee728b)
Start importing Assets/Book Assets/Textures/hud_charge1.png using Guid(e4ef7a64bb14d407eab4ff1f33a2bf7d) Importer(815301076,1909f56bfc062723c751e8b465ee728b)  -> (artifact id: '8b95bd770e588d692ab532b50ecd778a') in 0.021304 seconds 
========================================================================
Received Import Request.
  Time since last request: 0.000646 seconds.
  path: Assets/Book Assets/Textures/lamp.jpg
  artifactKey: Guid(8599706c30bec1c4fb5b33ca7da49e08) Importer(815301076,1909f56bfc062723c751e8b465ee728b)
Start importing Assets/Book Assets/Textures/lamp.jpg using Guid(8599706c30bec1c4fb5b33ca7da49e08) Importer(815301076,1909f56bfc062723c751e8b465ee728b)  -> (artifact id: 'dca58f6fa2a37f02f3e60fac1d8c9321') in 0.015086 seconds 
========================================================================
Received Import Request.
  Time since last request: 0.000658 seconds.
  path: Assets/Book Assets/Textures/dish.jpg
  artifactKey: Guid(c4efb105e2f74c9478bab8c85cc8ac71) Importer(815301076,1909f56bfc062723c751e8b465ee728b)
Start importing Assets/Book Assets/Textures/dish.jpg using Guid(c4efb105e2f74c9478bab8c85cc8ac71) Importer(815301076,1909f56bfc062723c751e8b465ee728b)  -> (artifact id: '66abb8e13ffc1aadbd62d6a359122f55') in 0.013368 seconds 
========================================================================
Received Import Request.
  Time since last request: 0.000571 seconds.
  path: Assets/Book Assets/Textures/guiBtnActive.png
  artifactKey: Guid(8ddb1dd9097a94e11861733978290eef) Importer(815301076,1909f56bfc062723c751e8b465ee728b)
Start importing Assets/Book Assets/Textures/guiBtnActive.png using Guid(8ddb1dd9097a94e11861733978290eef) Importer(815301076,1909f56bfc062723c751e8b465ee728b)  -> (artifact id: '71cfa1178eb3f3de67cd4c86758f9200') in 0.014633 seconds 
========================================================================
Received Import Request.
  Time since last request: 0.000409 seconds.
  path: Assets/Book Assets/Textures/canopyplus.jpg
  artifactKey: Guid(cf786499ee722c3478af218e76815140) Importer(815301076,1909f56bfc062723c751e8b465ee728b)
Start importing Assets/Book Assets/Textures/canopyplus.jpg using Guid(cf786499ee722c3478af218e76815140) Importer(815301076,1909f56bfc062723c751e8b465ee728b)  -> (artifact id: 'ef44ef773bc9d5d29eec97ee3e54dacd') in 0.015745 seconds 
========================================================================
Received Import Request.
  Time since last request: 0.000749 seconds.
  path: Assets/Book Assets/Textures/hud_charge4.png
  artifactKey: Guid(775e0a2f5f76743edac12b01ce299a2f) Importer(815301076,1909f56bfc062723c751e8b465ee728b)
Start importing Assets/Book Assets/Textures/hud_charge4.png using Guid(775e0a2f5f76743edac12b01ce299a2f) Importer(815301076,1909f56bfc062723c751e8b465ee728b)  -> (artifact id: '7d0d9cb3f3c76083081e7a9379696ca9') in 0.017870 seconds 
========================================================================
Received Import Request.
  Time since last request: 0.000468 seconds.
  path: Assets/Book Assets/Textures/fadeWhite.png
  artifactKey: Guid(0735762673e4c45888b443c8b92a8a63) Importer(815301076,1909f56bfc062723c751e8b465ee728b)
Start importing Assets/Book Assets/Textures/fadeWhite.png using Guid(0735762673e4c45888b443c8b92a8a63) Importer(815301076,1909f56bfc062723c751e8b465ee728b)  -> (artifact id: '674a657694402ef60844954ca187f380') in 0.013239 seconds 
========================================================================
Received Import Request.
  Time since last request: 0.000576 seconds.
  path: Assets/Book Assets/Textures/hud_charge3.png
  artifactKey: Guid(e1310e8bfc0b2431292d1a98d40925c9) Importer(815301076,1909f56bfc062723c751e8b465ee728b)
Start importing Assets/Book Assets/Textures/hud_charge3.png using Guid(e1310e8bfc0b2431292d1a98d40925c9) Importer(815301076,1909f56bfc062723c751e8b465ee728b)  -> (artifact id: '272d293a4d5babfd5c3177350475c809') in 0.013130 seconds 
========================================================================
Received Import Request.
  Time since last request: 0.001012 seconds.
  path: Assets/Book Assets/Textures/icon_large.png
  artifactKey: Guid(a7541bb9a80ef4ae989d494ac39bbcf1) Importer(815301076,1909f56bfc062723c751e8b465ee728b)
Start importing Assets/Book Assets/Textures/icon_large.png using Guid(a7541bb9a80ef4ae989d494ac39bbcf1) Importer(815301076,1909f56bfc062723c751e8b465ee728b)  -> (artifact id: 'a66f4b421d65164bb851d275923a4b16') in 0.014955 seconds 
========================================================================
Received Import Request.
  Time since last request: 0.000455 seconds.
  path: Assets/Book Assets/Textures/bark_1.jpg
  artifactKey: Guid(2c6b88c4018d344c9b026e17bff6cf6b) Importer(815301076,1909f56bfc062723c751e8b465ee728b)
Start importing Assets/Book Assets/Textures/bark_1.jpg using Guid(2c6b88c4018d344c9b026e17bff6cf6b) Importer(815301076,1909f56bfc062723c751e8b465ee728b)  -> (artifact id: '9706f98fd1c450b0aec206be17449113') in 0.020237 seconds 
========================================================================
Received Import Request.
  Time since last request: 0.000396 seconds.
  path: Assets/Book Assets/Textures/Crosshair.png
  artifactKey: Guid(3e154c4453689446e8418c118872cca6) Importer(815301076,1909f56bfc062723c751e8b465ee728b)
Start importing Assets/Book Assets/Textures/Crosshair.png using Guid(3e154c4453689446e8418c118872cca6) Importer(815301076,1909f56bfc062723c751e8b465ee728b)  -> (artifact id: '8e4d65991d04be705f09f7336ef8b22d') in 0.013518 seconds 
========================================================================
Received Import Request.
  Time since last request: 0.000509 seconds.
  path: Assets/Book Assets/Textures/generator.jpg
  artifactKey: Guid(6c2a6f8484aa643cd9964bb83929d5cf) Importer(815301076,1909f56bfc062723c751e8b465ee728b)
Start importing Assets/Book Assets/Textures/generator.jpg using Guid(6c2a6f8484aa643cd9964bb83929d5cf) Importer(815301076,1909f56bfc062723c751e8b465ee728b)  -> (artifact id: '0de8b2ae0076a5134e6275ab2b6ec68a') in 0.014460 seconds 
========================================================================
Received Import Request.
  Time since last request: 0.000697 seconds.
  path: Assets/Book Assets/Textures/generator-glow.jpg
  artifactKey: Guid(dc1b942100039d04f88968ecaf9ee164) Importer(815301076,1909f56bfc062723c751e8b465ee728b)
Start importing Assets/Book Assets/Textures/generator-glow.jpg using Guid(dc1b942100039d04f88968ecaf9ee164) Importer(815301076,1909f56bfc062723c751e8b465ee728b)  -> (artifact id: 'bb1f4fcac691cad42de2252b4374d1d2') in 0.018059 seconds 
========================================================================
Received Import Request.
  Time since last request: 0.000541 seconds.
  path: Assets/Book Assets/Textures/hud_charge2.png
  artifactKey: Guid(dad2c43cff37c4b078dfbc38971da914) Importer(815301076,1909f56bfc062723c751e8b465ee728b)
Start importing Assets/Book Assets/Textures/hud_charge2.png using Guid(dad2c43cff37c4b078dfbc38971da914) Importer(815301076,1909f56bfc062723c751e8b465ee728b)  -> (artifact id: '47b9b8c0889fc3471ae01bf8b48b1af8') in 0.013366 seconds 
========================================================================
Received Import Request.
  Time since last request: 0.000566 seconds.
  path: Assets/Book Assets/Textures/bark_2.jpg
  artifactKey: Guid(764eed7c1d25347929363546dcd442bb) Importer(815301076,1909f56bfc062723c751e8b465ee728b)
Start importing Assets/Book Assets/Textures/bark_2.jpg using Guid(764eed7c1d25347929363546dcd442bb) Importer(815301076,1909f56bfc062723c751e8b465ee728b)  -> (artifact id: 'c50019b74bfd9d68f99935319abfde4a') in 0.015394 seconds 
========================================================================
Received Import Request.
  Time since last request: 0.000639 seconds.
  path: Assets/Book Assets/Textures/coconutTexture.jpg
  artifactKey: Guid(969775e95e81d48119b30843258633bb) Importer(815301076,1909f56bfc062723c751e8b465ee728b)
Start importing Assets/Book Assets/Textures/coconutTexture.jpg using Guid(969775e95e81d48119b30843258633bb) Importer(815301076,1909f56bfc062723c751e8b465ee728b)  -> (artifact id: 'cdb1e7fde05119bd4df53753d02532d2') in 0.014073 seconds 
========================================================================
Received Import Request.
  Time since last request: 0.000699 seconds.
  path: Assets/Book Assets/Textures/fade.png
  artifactKey: Guid(c00c469a4d26b4f569c2c76a5a259c06) Importer(815301076,1909f56bfc062723c751e8b465ee728b)
Start importing Assets/Book Assets/Textures/fade.png using Guid(c00c469a4d26b4f569c2c76a5a259c06) Importer(815301076,1909f56bfc062723c751e8b465ee728b)  -> (artifact id: '5ea1e1f93e239308121076579e58ac38') in 0.015918 seconds 
========================================================================
Received Import Request.
  Time since last request: 0.000837 seconds.
  path: Assets/Book Assets/Textures/guiBtnNormal.png
  artifactKey: Guid(9d791ac38051e4bffa20c15a946ab881) Importer(815301076,1909f56bfc062723c751e8b465ee728b)
Start importing Assets/Book Assets/Textures/guiBtnNormal.png using Guid(9d791ac38051e4bffa20c15a946ab881) Importer(815301076,1909f56bfc062723c751e8b465ee728b)  -> (artifact id: '70b7cb56cadf0e90a373fe5be20ca338') in 0.018757 seconds 
========================================================================
Received Import Request.
  Time since last request: 0.001133 seconds.
  path: Assets/Book Assets/Textures/lamp-glow.jpg
  artifactKey: Guid(c7f047ab62c745241a5d34c5c2bc31cc) Importer(815301076,1909f56bfc062723c751e8b465ee728b)
Start importing Assets/Book Assets/Textures/lamp-glow.jpg using Guid(c7f047ab62c745241a5d34c5c2bc31cc) Importer(815301076,1909f56bfc062723c751e8b465ee728b)  -> (artifact id: '167173c35c0997aa9ee76d7344886cfd') in 0.016443 seconds 
========================================================================
Received Import Request.
  Time since last request: 0.000463 seconds.
  path: Assets/Book Assets/Textures/hud_nocharge.png
  artifactKey: Guid(115952714e4df4931a542aa7b58a90ea) Importer(815301076,1909f56bfc062723c751e8b465ee728b)
Start importing Assets/Book Assets/Textures/hud_nocharge.png using Guid(115952714e4df4931a542aa7b58a90ea) Importer(815301076,1909f56bfc062723c751e8b465ee728b)  -> (artifact id: 'c2939b4a7729ff19a63885583db24135') in 0.014677 seconds 
========================================================================
Received Import Request.
  Time since last request: 0.000384 seconds.
  path: Assets/Book Assets/Textures/door.jpg
  artifactKey: Guid(5d63e6ed31a58e442813adf280ae5551) Importer(815301076,1909f56bfc062723c751e8b465ee728b)
Start importing Assets/Book Assets/Textures/door.jpg using Guid(5d63e6ed31a58e442813adf280ae5551) Importer(815301076,1909f56bfc062723c751e8b465ee728b)  -> (artifact id: 'c483d4006ab7f28344ed080e4d50923c') in 0.013710 seconds 
========================================================================
Received Prepare
Registering precompiled user dll's ...
Registered in 0.009075 seconds.
Begin MonoManager ReloadAssembly
Symbol file LoadedFromMemory doesn't match image C:\Users\felip\Desktop\Trabalho final de JOGOS\doom-clone-main\Library\PackageCache\com.unity.visualscripting@1.6.1\Editor\VisualScripting.Core\Dependencies\YamlDotNet\Unity.VisualScripting.YamlDotNet.dll
Symbol file LoadedFromMemory doesn't match image C:\Users\felip\Desktop\Trabalho final de JOGOS\doom-clone-main\Library\PackageCache\com.unity.visualscripting@1.6.1\Editor\VisualScripting.Core\Dependencies\DotNetZip\Unity.VisualScripting.IonicZip.dll
Native extension for WindowsStandalone target not found
Refreshing native plugins compatible for Editor in 0.66 ms, found 3 plugins.
Preloading 0 native plugins for Editor in 0.00 ms.
Mono: successfully reloaded assembly
- Completed reload, in  1.787 seconds
Domain Reload Profiling:
	ReloadAssembly (1790ms)
		BeginReloadAssembly (675ms)
			ExecutionOrderSort (0ms)
			DisableScriptedObjects (55ms)
			BackupInstance (0ms)
			ReleaseScriptingObjects (0ms)
			CreateAndSetChildDomain (413ms)
		EndReloadAssembly (1055ms)
			LoadAssemblies (155ms)
			RebuildTransferFunctionScriptingTraits (0ms)
			SetupTypeCache (322ms)
			ReleaseScriptCaches (1ms)
			RebuildScriptCaches (37ms)
			SetupLoadedEditorAssemblies (373ms)
				LogAssemblyErrors (0ms)
				InitializePlatformSupportModulesInManaged (9ms)
				SetLoadedEditorAssemblies (1ms)
				RefreshPlugins (1ms)
				BeforeProcessingInitializeOnLoad (48ms)
				ProcessInitializeOnLoadAttributes (303ms)
				ProcessInitializeOnLoadMethodAttributes (3ms)
				AfterProcessingInitializeOnLoad (7ms)
				EditorAssembliesLoaded (0ms)
			ExecutionOrderSort2 (0ms)
			AwakeInstancesAfterBackupRestoration (40ms)
Platform modules already initialized, skipping
Refreshing native plugins compatible for Editor in 1.39 ms, found 3 plugins.
Preloading 0 native plugins for Editor in 0.00 ms.
Unloading 3054 Unused Serialized files (Serialized files now loaded: 0)
System memory in use before: 172.6 MB.
System memory in use after: 172.8 MB.

Unloading 18 unused Assets to reduce memory usage. Loaded Objects now: 4287.
Total: 6.539800 ms (FindLiveObjects: 0.278500 ms CreateObjectMapping: 0.103600 ms MarkObjects: 5.989100 ms  DeleteObjects: 0.167200 ms)

AssetImportParameters requested are different than current active one (requested -> active):
  custom:framework-win-MediaFoundation: 216162199b28c13a410421893ffa2e32 -> 
  custom:video-decoder-ogg-theora: a1e56fd34408186e4bbccfd4996cb3dc -> 
  custom:container-muxer-webm: aa71ff27fc2769a1b78a27578f13a17b -> 
  custom:container-demuxer-webm: 4f35f7cbe854078d1ac9338744f61a02 -> 
  custom:container-demuxer-ogg: 62fdf1f143b41e24485cea50d1cbac27 -> 
  custom:video-encoder-webm-vp8: eb34c28f22e8b96e1ab97ce403110664 -> 
  custom:video-codec-MediaFoundation-h265: 746d11721c4dcdbdad8f713fa42b33f4 -> 
  custom:video-decoder-webm-vp8: 9c59270c3fd7afecdb556c50c9e8de78 -> 
  custom:audio-decoder-ogg-vorbis: bf7c407c2cedff20999df2af8eb42d56 -> 
  custom:audio-encoder-webm-vorbis: bf7c407c2cedff20999df2af8eb42d56 -> 
AssetImportWorkerClient::OnTransportError - code=2 error=End of file
